{"contracts/access/Ownable.sol":{"l":{"28":3,"35":65,"42":12,"43":8,"54":1,"62":1,"63":1,"67":5,"68":5,"69":5},"path":"/home/prashant/projects/z-token-smartcontract/contracts/access/Ownable.sol","s":{"1":3,"2":65,"3":12,"4":1,"5":1,"6":1,"7":5,"8":5,"9":5},"b":{"1":[8,4],"2":[1,0]},"f":{"1":3,"2":65,"3":12,"4":1,"5":1,"6":5},"fnMap":{"1":{"name":"constructor","line":27,"loc":{"start":{"line":27,"column":4},"end":{"line":29,"column":4}}},"2":{"name":"owner","line":34,"loc":{"start":{"line":34,"column":4},"end":{"line":36,"column":4}}},"3":{"name":"onlyOwner","line":41,"loc":{"start":{"line":41,"column":4},"end":{"line":44,"column":4}}},"4":{"name":"renounceOwnership","line":53,"loc":{"start":{"line":53,"column":4},"end":{"line":55,"column":4}}},"5":{"name":"transferOwnership","line":61,"loc":{"start":{"line":61,"column":4},"end":{"line":64,"column":4}}},"6":{"name":"_setOwner","line":66,"loc":{"start":{"line":66,"column":4},"end":{"line":70,"column":4}}}},"statementMap":{"1":{"start":{"line":28,"column":8},"end":{"line":28,"column":30}},"2":{"start":{"line":35,"column":8},"end":{"line":35,"column":21}},"3":{"start":{"line":42,"column":8},"end":{"line":42,"column":75}},"4":{"start":{"line":54,"column":8},"end":{"line":54,"column":28}},"5":{"start":{"line":62,"column":8},"end":{"line":62,"column":80}},"6":{"start":{"line":63,"column":8},"end":{"line":63,"column":26}},"7":{"start":{"line":67,"column":8},"end":{"line":67,"column":33}},"8":{"start":{"line":68,"column":8},"end":{"line":68,"column":24}},"9":{"start":{"line":69,"column":8},"end":{"line":69,"column":53}}},"branchMap":{"1":{"line":42,"type":"if","locations":[{"start":{"line":42,"column":8},"end":{"line":42,"column":8}},{"start":{"line":42,"column":8},"end":{"line":42,"column":8}}]},"2":{"line":62,"type":"if","locations":[{"start":{"line":62,"column":8},"end":{"line":62,"column":8}},{"start":{"line":62,"column":8},"end":{"line":62,"column":8}}]}}},"contracts/MyToken.sol":{"l":{"101":3,"102":3,"103":3,"104":3,"112":31,"113":31,"117":18,"121":18,"125":3,"126":3,"130":12,"131":6,"150":2,"154":2,"155":2,"156":2,"171":18,"172":18,"173":18,"180":1,"195":16,"196":16,"211":6,"212":6,"216":2,"217":2,"218":2,"234":20,"235":20,"237":20,"238":20,"239":20,"240":20,"241":20,"255":2,"256":2,"270":20,"283":39,"296":39,"309":2,"310":2,"311":2,"324":2,"325":2,"326":2,"336":2,"337":2,"338":2,"346":2,"358":2,"362":0,"406":8,"407":8,"410":8,"431":4,"432":4,"433":4,"434":4,"435":4,"436":4,"453":8,"454":8,"455":8,"456":8,"480":1,"488":1,"491":1,"492":1,"494":1,"495":1,"522":3,"530":3,"531":3,"533":3,"535":1,"537":1,"538":3,"558":2,"559":2,"571":2,"591":6,"597":6,"609":6},"path":"/home/prashant/projects/z-token-smartcontract/contracts/MyToken.sol","s":{"1":3,"2":3,"3":3,"4":3,"5":31,"6":18,"7":3,"8":12,"9":2,"10":2,"11":2,"12":2,"13":18,"14":18,"15":18,"16":18,"17":1,"18":16,"19":16,"20":6,"21":6,"22":2,"23":2,"24":2,"25":20,"26":20,"27":20,"28":19,"29":20,"30":19,"31":20,"32":20,"33":20,"34":2,"35":2,"36":20,"37":39,"38":39,"39":2,"40":2,"41":2,"42":2,"43":2,"44":2,"45":2,"46":2,"47":2,"48":2,"49":0,"50":8,"51":8,"52":4,"53":4,"54":4,"55":4,"56":4,"57":4,"58":8,"59":8,"60":8,"61":8,"62":1,"63":1,"64":1,"65":1,"66":1,"67":1,"68":3,"69":3,"70":3,"71":3,"72":1,"73":2,"74":1,"75":1,"76":1,"77":3,"78":2,"79":2,"80":2,"81":6,"82":6,"83":6},"b":{"1":[31,0],"2":[18,0],"3":[3,0],"4":[6,6],"5":[2,0],"6":[18,0],"7":[2,4],"8":[19,1],"9":[19,1],"10":[0,2],"11":[4,0],"12":[4,0],"13":[4,0],"14":[1,0],"15":[1,2],"16":[1,1],"17":[1,0],"18":[2,0],"19":[6,0]},"f":{"1":3,"2":31,"3":18,"4":3,"5":12,"6":2,"7":18,"8":1,"9":16,"10":6,"11":20,"12":2,"13":20,"14":39,"15":39,"16":2,"17":2,"18":2,"19":2,"20":3,"21":8,"22":4,"23":8,"24":1,"25":3,"26":2,"27":6},"fnMap":{"1":{"name":"constructor","line":99,"loc":{"start":{"line":87,"column":4},"end":{"line":105,"column":4}}},"2":{"name":"onlyNonZeroAddress","line":111,"loc":{"start":{"line":111,"column":4},"end":{"line":114,"column":4}}},"3":{"name":"onlyTokenContract","line":116,"loc":{"start":{"line":116,"column":4},"end":{"line":122,"column":4}}},"4":{"name":"isContractAddress","line":124,"loc":{"start":{"line":124,"column":4},"end":{"line":127,"column":4}}},"5":{"name":"onlyPhoenix","line":129,"loc":{"start":{"line":129,"column":4},"end":{"line":132,"column":4}}},"6":{"name":"transferToken","line":148,"loc":{"start":{"line":145,"column":4},"end":{"line":157,"column":4}}},"7":{"name":"tokenFallback","line":170,"loc":{"start":{"line":166,"column":4},"end":{"line":174,"column":4}}},"8":{"name":"decimals","line":179,"loc":{"start":{"line":179,"column":4},"end":{"line":181,"column":4}}},"9":{"name":"transfer","line":189,"loc":{"start":{"line":189,"column":4},"end":{"line":197,"column":4}}},"10":{"name":"transferFrom","line":206,"loc":{"start":{"line":206,"column":4},"end":{"line":219,"column":4}}},"11":{"name":"privateTransfer","line":233,"loc":{"start":{"line":229,"column":4},"end":{"line":242,"column":4}}},"12":{"name":"updatePhoenixAddress","line":252,"loc":{"start":{"line":250,"column":4},"end":{"line":257,"column":4}}},"13":{"name":"calculateCommissionMint","line":265,"loc":{"start":{"line":265,"column":4},"end":{"line":271,"column":4}}},"14":{"name":"calculateCommissionMyTokenCrw","line":278,"loc":{"start":{"line":278,"column":4},"end":{"line":284,"column":4}}},"15":{"name":"calculateCommissionPhoenixCrw","line":291,"loc":{"start":{"line":291,"column":4},"end":{"line":297,"column":4}}},"16":{"name":"updateCommssionPhoenixTransfer","line":307,"loc":{"start":{"line":305,"column":4},"end":{"line":312,"column":4}}},"17":{"name":"updateCommssionMyTokenTranfer","line":322,"loc":{"start":{"line":320,"column":4},"end":{"line":327,"column":4}}},"18":{"name":"updateCommssionMint","line":335,"loc":{"start":{"line":335,"column":4},"end":{"line":339,"column":4}}},"19":{"name":"transferAnyERC20Token","line":356,"loc":{"start":{"line":354,"column":4},"end":{"line":363,"column":4}}},"20":{"name":"constructor","line":398,"loc":{"start":{"line":383,"column":4},"end":{"line":399,"column":5}}},"21":{"name":"getChainID","line":405,"loc":{"start":{"line":405,"column":4},"end":{"line":411,"column":4}}},"22":{"name":"preAuthValidations","line":423,"loc":{"start":{"line":423,"column":4},"end":{"line":437,"column":4}}},"23":{"name":"getSigner","line":447,"loc":{"start":{"line":447,"column":4},"end":{"line":457,"column":4}}},"24":{"name":"preAuthorizedTransfer","line":470,"loc":{"start":{"line":470,"column":4},"end":{"line":496,"column":4}}},"25":{"name":"preAuthorizedApproval","line":511,"loc":{"start":{"line":511,"column":4},"end":{"line":539,"column":4}}},"26":{"name":"getProofTransfer","line":550,"loc":{"start":{"line":550,"column":4},"end":{"line":572,"column":4}}},"27":{"name":"getProofApproval","line":583,"loc":{"start":{"line":583,"column":4},"end":{"line":610,"column":4}}}},"statementMap":{"1":{"start":{"line":101,"column":8},"end":{"line":101,"column":62}},"2":{"start":{"line":102,"column":8},"end":{"line":102,"column":31}},"3":{"start":{"line":103,"column":8},"end":{"line":103,"column":31}},"4":{"start":{"line":104,"column":8},"end":{"line":104,"column":37}},"5":{"start":{"line":112,"column":8},"end":{"line":112,"column":63}},"6":{"start":{"line":117,"column":8},"end":{"line":117,"column":3265}},"7":{"start":{"line":125,"column":8},"end":{"line":125,"column":73}},"8":{"start":{"line":130,"column":8},"end":{"line":130,"column":67}},"9":{"start":{"line":150,"column":8},"end":{"line":150,"column":4305}},"10":{"start":{"line":154,"column":8},"end":{"line":154,"column":55}},"11":{"start":{"line":155,"column":8},"end":{"line":155,"column":77}},"12":{"start":{"line":156,"column":8},"end":{"line":156,"column":49}},"13":{"start":{"line":171,"column":8},"end":{"line":171,"column":53}},"14":{"start":{"line":172,"column":8},"end":{"line":172,"column":43}},"15":{"start":{"line":172,"column":21},"end":{"line":172,"column":42}},"16":{"start":{"line":173,"column":8},"end":{"line":173,"column":41}},"17":{"start":{"line":180,"column":8},"end":{"line":180,"column":22}},"18":{"start":{"line":195,"column":8},"end":{"line":195,"column":53}},"19":{"start":{"line":196,"column":8},"end":{"line":196,"column":19}},"20":{"start":{"line":211,"column":8},"end":{"line":211,"column":66}},"21":{"start":{"line":212,"column":8},"end":{"line":212,"column":6509}},"22":{"start":{"line":216,"column":8},"end":{"line":216,"column":64}},"23":{"start":{"line":217,"column":8},"end":{"line":217,"column":49}},"24":{"start":{"line":218,"column":8},"end":{"line":218,"column":19}},"25":{"start":{"line":234,"column":8},"end":{"line":234,"column":69}},"26":{"start":{"line":235,"column":8},"end":{"line":235,"column":72}},"27":{"start":{"line":237,"column":8},"end":{"line":237,"column":72}},"28":{"start":{"line":237,"column":30},"end":{"line":237,"column":71}},"29":{"start":{"line":238,"column":8},"end":{"line":238,"column":78}},"30":{"start":{"line":238,"column":33},"end":{"line":238,"column":77}},"31":{"start":{"line":239,"column":8},"end":{"line":239,"column":62}},"32":{"start":{"line":240,"column":8},"end":{"line":240,"column":60}},"33":{"start":{"line":241,"column":8},"end":{"line":241,"column":19}},"34":{"start":{"line":255,"column":8},"end":{"line":255,"column":25}},"35":{"start":{"line":256,"column":8},"end":{"line":256,"column":19}},"36":{"start":{"line":270,"column":8},"end":{"line":270,"column":92}},"37":{"start":{"line":283,"column":12},"end":{"line":283,"column":98}},"38":{"start":{"line":296,"column":8},"end":{"line":296,"column":100}},"39":{"start":{"line":309,"column":8},"end":{"line":309,"column":46}},"40":{"start":{"line":310,"column":8},"end":{"line":310,"column":44}},"41":{"start":{"line":311,"column":8},"end":{"line":311,"column":58}},"42":{"start":{"line":324,"column":8},"end":{"line":324,"column":43}},"43":{"start":{"line":325,"column":8},"end":{"line":325,"column":41}},"44":{"start":{"line":326,"column":8},"end":{"line":326,"column":66}},"45":{"start":{"line":336,"column":8},"end":{"line":336,"column":42}},"46":{"start":{"line":337,"column":8},"end":{"line":337,"column":40}},"47":{"start":{"line":338,"column":8},"end":{"line":338,"column":57}},"48":{"start":{"line":358,"column":8},"end":{"line":358,"column":11405}},"49":{"start":{"line":362,"column":8},"end":{"line":362,"column":66}},"50":{"start":{"line":406,"column":8},"end":{"line":406,"column":18}},"51":{"start":{"line":410,"column":8},"end":{"line":410,"column":17}},"52":{"start":{"line":431,"column":8},"end":{"line":431,"column":52}},"53":{"start":{"line":432,"column":8},"end":{"line":432,"column":64}},"54":{"start":{"line":433,"column":8},"end":{"line":433,"column":63}},"55":{"start":{"line":434,"column":8},"end":{"line":434,"column":49}},"56":{"start":{"line":435,"column":8},"end":{"line":435,"column":38}},"57":{"start":{"line":436,"column":8},"end":{"line":436,"column":21}},"58":{"start":{"line":453,"column":8},"end":{"line":453,"column":64}},"59":{"start":{"line":454,"column":8},"end":{"line":454,"column":75}},"60":{"start":{"line":455,"column":8},"end":{"line":455,"column":57}},"61":{"start":{"line":456,"column":8},"end":{"line":456,"column":21}},"62":{"start":{"line":480,"column":8},"end":{"line":480,"column":15131}},"63":{"start":{"line":488,"column":8},"end":{"line":488,"column":75}},"64":{"start":{"line":491,"column":8},"end":{"line":491,"column":15461}},"65":{"start":{"line":492,"column":12},"end":{"line":492,"column":58}},"66":{"start":{"line":494,"column":8},"end":{"line":494,"column":42}},"67":{"start":{"line":495,"column":8},"end":{"line":495,"column":62}},"68":{"start":{"line":522,"column":8},"end":{"line":522,"column":16529}},"69":{"start":{"line":530,"column":8},"end":{"line":530,"column":75}},"70":{"start":{"line":531,"column":8},"end":{"line":531,"column":56}},"71":{"start":{"line":533,"column":8},"end":{"line":533,"column":16921}},"72":{"start":{"line":533,"column":46},"end":{"line":533,"column":73}},"73":{"start":{"line":534,"column":13},"end":{"line":534,"column":17002}},"74":{"start":{"line":535,"column":12},"end":{"line":535,"column":58}},"75":{"start":{"line":536,"column":13},"end":{"line":536,"column":17123}},"76":{"start":{"line":537,"column":12},"end":{"line":537,"column":58}},"77":{"start":{"line":538,"column":8},"end":{"line":538,"column":19}},"78":{"start":{"line":558,"column":8},"end":{"line":558,"column":73}},"79":{"start":{"line":559,"column":8},"end":{"line":559,"column":17965}},"80":{"start":{"line":571,"column":8},"end":{"line":571,"column":20}},"81":{"start":{"line":591,"column":8},"end":{"line":591,"column":18972}},"82":{"start":{"line":597,"column":8},"end":{"line":597,"column":19204}},"83":{"start":{"line":609,"column":8},"end":{"line":609,"column":20}}},"branchMap":{"1":{"line":112,"type":"if","locations":[{"start":{"line":112,"column":8},"end":{"line":112,"column":8}},{"start":{"line":112,"column":8},"end":{"line":112,"column":8}}]},"2":{"line":117,"type":"if","locations":[{"start":{"line":117,"column":8},"end":{"line":117,"column":8}},{"start":{"line":117,"column":8},"end":{"line":117,"column":8}}]},"3":{"line":125,"type":"if","locations":[{"start":{"line":125,"column":8},"end":{"line":125,"column":8}},{"start":{"line":125,"column":8},"end":{"line":125,"column":8}}]},"4":{"line":130,"type":"if","locations":[{"start":{"line":130,"column":8},"end":{"line":130,"column":8}},{"start":{"line":130,"column":8},"end":{"line":130,"column":8}}]},"5":{"line":150,"type":"if","locations":[{"start":{"line":150,"column":8},"end":{"line":150,"column":8}},{"start":{"line":150,"column":8},"end":{"line":150,"column":8}}]},"6":{"line":172,"type":"if","locations":[{"start":{"line":172,"column":8},"end":{"line":172,"column":8}},{"start":{"line":172,"column":8},"end":{"line":172,"column":8}}]},"7":{"line":212,"type":"if","locations":[{"start":{"line":212,"column":8},"end":{"line":212,"column":8}},{"start":{"line":212,"column":8},"end":{"line":212,"column":8}}]},"8":{"line":237,"type":"if","locations":[{"start":{"line":237,"column":8},"end":{"line":237,"column":8}},{"start":{"line":237,"column":8},"end":{"line":237,"column":8}}]},"9":{"line":238,"type":"if","locations":[{"start":{"line":238,"column":8},"end":{"line":238,"column":8}},{"start":{"line":238,"column":8},"end":{"line":238,"column":8}}]},"10":{"line":358,"type":"if","locations":[{"start":{"line":358,"column":8},"end":{"line":358,"column":8}},{"start":{"line":358,"column":8},"end":{"line":358,"column":8}}]},"11":{"line":432,"type":"if","locations":[{"start":{"line":432,"column":8},"end":{"line":432,"column":8}},{"start":{"line":432,"column":8},"end":{"line":432,"column":8}}]},"12":{"line":433,"type":"if","locations":[{"start":{"line":433,"column":8},"end":{"line":433,"column":8}},{"start":{"line":433,"column":8},"end":{"line":433,"column":8}}]},"13":{"line":434,"type":"if","locations":[{"start":{"line":434,"column":8},"end":{"line":434,"column":8}},{"start":{"line":434,"column":8},"end":{"line":434,"column":8}}]},"14":{"line":491,"type":"if","locations":[{"start":{"line":491,"column":8},"end":{"line":491,"column":8}},{"start":{"line":491,"column":8},"end":{"line":491,"column":8}}]},"15":{"line":533,"type":"if","locations":[{"start":{"line":533,"column":8},"end":{"line":533,"column":8}},{"start":{"line":533,"column":8},"end":{"line":533,"column":8}}]},"16":{"line":534,"type":"if","locations":[{"start":{"line":534,"column":13},"end":{"line":534,"column":13}},{"start":{"line":534,"column":13},"end":{"line":534,"column":13}}]},"17":{"line":536,"type":"if","locations":[{"start":{"line":536,"column":13},"end":{"line":536,"column":13}},{"start":{"line":536,"column":13},"end":{"line":536,"column":13}}]},"18":{"line":558,"type":"if","locations":[{"start":{"line":558,"column":8},"end":{"line":558,"column":8}},{"start":{"line":558,"column":8},"end":{"line":558,"column":8}}]},"19":{"line":591,"type":"if","locations":[{"start":{"line":591,"column":8},"end":{"line":591,"column":8}},{"start":{"line":591,"column":8},"end":{"line":591,"column":8}}]}}},"contracts/test.sol":{"l":{"101":0,"102":0,"103":0,"104":0,"112":0,"113":0,"117":0,"121":0,"125":0,"126":0,"130":0,"131":0,"150":0,"154":0,"155":0,"156":0,"171":0,"172":0,"173":0,"180":0,"195":0,"196":0,"211":0,"212":0,"216":0,"217":0,"218":0,"234":0,"235":0,"237":0,"238":0,"239":0,"240":0,"241":0,"255":0,"256":0,"270":0,"283":0,"296":0,"309":0,"310":0,"311":0,"324":0,"325":0,"326":0,"336":0,"337":0,"338":0,"346":0,"358":0,"362":0,"406":0,"407":0,"410":0,"431":0,"432":0,"433":0,"434":0,"435":0,"436":0,"453":0,"454":0,"455":0,"456":0,"480":0,"488":0,"491":0,"492":0,"494":0,"495":0,"522":0,"530":0,"531":0,"533":0,"535":0,"537":0,"538":0,"558":0,"559":0,"571":0,"591":0,"597":0,"609":0},"path":"/home/prashant/projects/z-token-smartcontract/contracts/test.sol","s":{"1":0,"2":0,"3":0,"4":0,"5":0,"6":0,"7":0,"8":0,"9":0,"10":0,"11":0,"12":0,"13":0,"14":0,"15":0,"16":0,"17":0,"18":0,"19":0,"20":0,"21":0,"22":0,"23":0,"24":0,"25":0,"26":0,"27":0,"28":0,"29":0,"30":0,"31":0,"32":0,"33":0,"34":0,"35":0,"36":0,"37":0,"38":0,"39":0,"40":0,"41":0,"42":0,"43":0,"44":0,"45":0,"46":0,"47":0,"48":0,"49":0,"50":0,"51":0,"52":0,"53":0,"54":0,"55":0,"56":0,"57":0,"58":0,"59":0,"60":0,"61":0,"62":0,"63":0,"64":0,"65":0,"66":0,"67":0,"68":0,"69":0,"70":0,"71":0,"72":0,"73":0,"74":0,"75":0,"76":0,"77":0,"78":0,"79":0,"80":0,"81":0,"82":0,"83":0},"b":{"1":[0,0],"2":[0,0],"3":[0,0],"4":[0,0],"5":[0,0],"6":[0,0],"7":[0,0],"8":[0,0],"9":[0,0],"10":[0,0],"11":[0,0],"12":[0,0],"13":[0,0],"14":[0,0],"15":[0,0],"16":[0,0],"17":[0,0],"18":[0,0],"19":[0,0]},"f":{"1":0,"2":0,"3":0,"4":0,"5":0,"6":0,"7":0,"8":0,"9":0,"10":0,"11":0,"12":0,"13":0,"14":0,"15":0,"16":0,"17":0,"18":0,"19":0,"20":0,"21":0,"22":0,"23":0,"24":0,"25":0,"26":0,"27":0},"fnMap":{"1":{"name":"constructor","line":99,"loc":{"start":{"line":87,"column":4},"end":{"line":105,"column":4}}},"2":{"name":"onlyNonZeroAddress","line":111,"loc":{"start":{"line":111,"column":4},"end":{"line":114,"column":4}}},"3":{"name":"onlyTokenContract","line":116,"loc":{"start":{"line":116,"column":4},"end":{"line":122,"column":4}}},"4":{"name":"isContractAddress","line":124,"loc":{"start":{"line":124,"column":4},"end":{"line":127,"column":4}}},"5":{"name":"onlyPhoenix","line":129,"loc":{"start":{"line":129,"column":4},"end":{"line":132,"column":4}}},"6":{"name":"transferToken","line":148,"loc":{"start":{"line":145,"column":4},"end":{"line":157,"column":4}}},"7":{"name":"tokenFallback","line":170,"loc":{"start":{"line":166,"column":4},"end":{"line":174,"column":4}}},"8":{"name":"decimals","line":179,"loc":{"start":{"line":179,"column":4},"end":{"line":181,"column":4}}},"9":{"name":"transfer","line":189,"loc":{"start":{"line":189,"column":4},"end":{"line":197,"column":4}}},"10":{"name":"transferFrom","line":206,"loc":{"start":{"line":206,"column":4},"end":{"line":219,"column":4}}},"11":{"name":"privateTransfer","line":233,"loc":{"start":{"line":229,"column":4},"end":{"line":242,"column":4}}},"12":{"name":"updatePhoenixAddress","line":252,"loc":{"start":{"line":250,"column":4},"end":{"line":257,"column":4}}},"13":{"name":"calculateCommissionMint","line":265,"loc":{"start":{"line":265,"column":4},"end":{"line":271,"column":4}}},"14":{"name":"calculateCommissionMyTokenCrw","line":278,"loc":{"start":{"line":278,"column":4},"end":{"line":284,"column":4}}},"15":{"name":"calculateCommissionPhoenixCrw","line":291,"loc":{"start":{"line":291,"column":4},"end":{"line":297,"column":4}}},"16":{"name":"updateCommssionPhoenixTransfer","line":307,"loc":{"start":{"line":305,"column":4},"end":{"line":312,"column":4}}},"17":{"name":"updateCommssionMyTokenTranfer","line":322,"loc":{"start":{"line":320,"column":4},"end":{"line":327,"column":4}}},"18":{"name":"updateCommssionMint","line":335,"loc":{"start":{"line":335,"column":4},"end":{"line":339,"column":4}}},"19":{"name":"transferAnyERC20Token","line":356,"loc":{"start":{"line":354,"column":4},"end":{"line":363,"column":4}}},"20":{"name":"constructor","line":398,"loc":{"start":{"line":383,"column":4},"end":{"line":399,"column":5}}},"21":{"name":"getChainID","line":405,"loc":{"start":{"line":405,"column":4},"end":{"line":411,"column":4}}},"22":{"name":"preAuthValidations","line":423,"loc":{"start":{"line":423,"column":4},"end":{"line":437,"column":4}}},"23":{"name":"getSigner","line":447,"loc":{"start":{"line":447,"column":4},"end":{"line":457,"column":4}}},"24":{"name":"preAuthorizedTransfer","line":470,"loc":{"start":{"line":470,"column":4},"end":{"line":496,"column":4}}},"25":{"name":"preAuthorizedApproval","line":511,"loc":{"start":{"line":511,"column":4},"end":{"line":539,"column":4}}},"26":{"name":"getProofTransfer","line":550,"loc":{"start":{"line":550,"column":4},"end":{"line":572,"column":4}}},"27":{"name":"getProofApproval","line":583,"loc":{"start":{"line":583,"column":4},"end":{"line":610,"column":4}}}},"statementMap":{"1":{"start":{"line":101,"column":8},"end":{"line":101,"column":62}},"2":{"start":{"line":102,"column":8},"end":{"line":102,"column":31}},"3":{"start":{"line":103,"column":8},"end":{"line":103,"column":31}},"4":{"start":{"line":104,"column":8},"end":{"line":104,"column":37}},"5":{"start":{"line":112,"column":8},"end":{"line":112,"column":63}},"6":{"start":{"line":117,"column":8},"end":{"line":117,"column":3331}},"7":{"start":{"line":125,"column":8},"end":{"line":125,"column":73}},"8":{"start":{"line":130,"column":8},"end":{"line":130,"column":67}},"9":{"start":{"line":150,"column":8},"end":{"line":150,"column":4371}},"10":{"start":{"line":154,"column":8},"end":{"line":154,"column":55}},"11":{"start":{"line":155,"column":8},"end":{"line":155,"column":77}},"12":{"start":{"line":156,"column":8},"end":{"line":156,"column":49}},"13":{"start":{"line":171,"column":8},"end":{"line":171,"column":53}},"14":{"start":{"line":172,"column":8},"end":{"line":172,"column":43}},"15":{"start":{"line":172,"column":21},"end":{"line":172,"column":42}},"16":{"start":{"line":173,"column":8},"end":{"line":173,"column":41}},"17":{"start":{"line":180,"column":8},"end":{"line":180,"column":22}},"18":{"start":{"line":195,"column":8},"end":{"line":195,"column":53}},"19":{"start":{"line":196,"column":8},"end":{"line":196,"column":19}},"20":{"start":{"line":211,"column":8},"end":{"line":211,"column":66}},"21":{"start":{"line":212,"column":8},"end":{"line":212,"column":6575}},"22":{"start":{"line":216,"column":8},"end":{"line":216,"column":64}},"23":{"start":{"line":217,"column":8},"end":{"line":217,"column":49}},"24":{"start":{"line":218,"column":8},"end":{"line":218,"column":19}},"25":{"start":{"line":234,"column":8},"end":{"line":234,"column":69}},"26":{"start":{"line":235,"column":8},"end":{"line":235,"column":72}},"27":{"start":{"line":237,"column":8},"end":{"line":237,"column":72}},"28":{"start":{"line":237,"column":30},"end":{"line":237,"column":71}},"29":{"start":{"line":238,"column":8},"end":{"line":238,"column":78}},"30":{"start":{"line":238,"column":33},"end":{"line":238,"column":77}},"31":{"start":{"line":239,"column":8},"end":{"line":239,"column":62}},"32":{"start":{"line":240,"column":8},"end":{"line":240,"column":60}},"33":{"start":{"line":241,"column":8},"end":{"line":241,"column":19}},"34":{"start":{"line":255,"column":8},"end":{"line":255,"column":25}},"35":{"start":{"line":256,"column":8},"end":{"line":256,"column":19}},"36":{"start":{"line":270,"column":8},"end":{"line":270,"column":92}},"37":{"start":{"line":283,"column":12},"end":{"line":283,"column":98}},"38":{"start":{"line":296,"column":8},"end":{"line":296,"column":100}},"39":{"start":{"line":309,"column":8},"end":{"line":309,"column":46}},"40":{"start":{"line":310,"column":8},"end":{"line":310,"column":44}},"41":{"start":{"line":311,"column":8},"end":{"line":311,"column":58}},"42":{"start":{"line":324,"column":8},"end":{"line":324,"column":43}},"43":{"start":{"line":325,"column":8},"end":{"line":325,"column":41}},"44":{"start":{"line":326,"column":8},"end":{"line":326,"column":66}},"45":{"start":{"line":336,"column":8},"end":{"line":336,"column":42}},"46":{"start":{"line":337,"column":8},"end":{"line":337,"column":40}},"47":{"start":{"line":338,"column":8},"end":{"line":338,"column":57}},"48":{"start":{"line":358,"column":8},"end":{"line":358,"column":11471}},"49":{"start":{"line":362,"column":8},"end":{"line":362,"column":66}},"50":{"start":{"line":406,"column":8},"end":{"line":406,"column":18}},"51":{"start":{"line":410,"column":8},"end":{"line":410,"column":17}},"52":{"start":{"line":431,"column":8},"end":{"line":431,"column":52}},"53":{"start":{"line":432,"column":8},"end":{"line":432,"column":64}},"54":{"start":{"line":433,"column":8},"end":{"line":433,"column":63}},"55":{"start":{"line":434,"column":8},"end":{"line":434,"column":49}},"56":{"start":{"line":435,"column":8},"end":{"line":435,"column":38}},"57":{"start":{"line":436,"column":8},"end":{"line":436,"column":21}},"58":{"start":{"line":453,"column":8},"end":{"line":453,"column":64}},"59":{"start":{"line":454,"column":8},"end":{"line":454,"column":75}},"60":{"start":{"line":455,"column":8},"end":{"line":455,"column":57}},"61":{"start":{"line":456,"column":8},"end":{"line":456,"column":21}},"62":{"start":{"line":480,"column":8},"end":{"line":480,"column":15197}},"63":{"start":{"line":488,"column":8},"end":{"line":488,"column":75}},"64":{"start":{"line":491,"column":8},"end":{"line":491,"column":15527}},"65":{"start":{"line":492,"column":12},"end":{"line":492,"column":58}},"66":{"start":{"line":494,"column":8},"end":{"line":494,"column":42}},"67":{"start":{"line":495,"column":8},"end":{"line":495,"column":62}},"68":{"start":{"line":522,"column":8},"end":{"line":522,"column":16595}},"69":{"start":{"line":530,"column":8},"end":{"line":530,"column":75}},"70":{"start":{"line":531,"column":8},"end":{"line":531,"column":56}},"71":{"start":{"line":533,"column":8},"end":{"line":533,"column":16987}},"72":{"start":{"line":533,"column":46},"end":{"line":533,"column":73}},"73":{"start":{"line":534,"column":13},"end":{"line":534,"column":17068}},"74":{"start":{"line":535,"column":12},"end":{"line":535,"column":58}},"75":{"start":{"line":536,"column":13},"end":{"line":536,"column":17189}},"76":{"start":{"line":537,"column":12},"end":{"line":537,"column":58}},"77":{"start":{"line":538,"column":8},"end":{"line":538,"column":19}},"78":{"start":{"line":558,"column":8},"end":{"line":558,"column":73}},"79":{"start":{"line":559,"column":8},"end":{"line":559,"column":18031}},"80":{"start":{"line":571,"column":8},"end":{"line":571,"column":20}},"81":{"start":{"line":591,"column":8},"end":{"line":591,"column":19038}},"82":{"start":{"line":597,"column":8},"end":{"line":597,"column":19270}},"83":{"start":{"line":609,"column":8},"end":{"line":609,"column":20}}},"branchMap":{"1":{"line":112,"type":"if","locations":[{"start":{"line":112,"column":8},"end":{"line":112,"column":8}},{"start":{"line":112,"column":8},"end":{"line":112,"column":8}}]},"2":{"line":117,"type":"if","locations":[{"start":{"line":117,"column":8},"end":{"line":117,"column":8}},{"start":{"line":117,"column":8},"end":{"line":117,"column":8}}]},"3":{"line":125,"type":"if","locations":[{"start":{"line":125,"column":8},"end":{"line":125,"column":8}},{"start":{"line":125,"column":8},"end":{"line":125,"column":8}}]},"4":{"line":130,"type":"if","locations":[{"start":{"line":130,"column":8},"end":{"line":130,"column":8}},{"start":{"line":130,"column":8},"end":{"line":130,"column":8}}]},"5":{"line":150,"type":"if","locations":[{"start":{"line":150,"column":8},"end":{"line":150,"column":8}},{"start":{"line":150,"column":8},"end":{"line":150,"column":8}}]},"6":{"line":172,"type":"if","locations":[{"start":{"line":172,"column":8},"end":{"line":172,"column":8}},{"start":{"line":172,"column":8},"end":{"line":172,"column":8}}]},"7":{"line":212,"type":"if","locations":[{"start":{"line":212,"column":8},"end":{"line":212,"column":8}},{"start":{"line":212,"column":8},"end":{"line":212,"column":8}}]},"8":{"line":237,"type":"if","locations":[{"start":{"line":237,"column":8},"end":{"line":237,"column":8}},{"start":{"line":237,"column":8},"end":{"line":237,"column":8}}]},"9":{"line":238,"type":"if","locations":[{"start":{"line":238,"column":8},"end":{"line":238,"column":8}},{"start":{"line":238,"column":8},"end":{"line":238,"column":8}}]},"10":{"line":358,"type":"if","locations":[{"start":{"line":358,"column":8},"end":{"line":358,"column":8}},{"start":{"line":358,"column":8},"end":{"line":358,"column":8}}]},"11":{"line":432,"type":"if","locations":[{"start":{"line":432,"column":8},"end":{"line":432,"column":8}},{"start":{"line":432,"column":8},"end":{"line":432,"column":8}}]},"12":{"line":433,"type":"if","locations":[{"start":{"line":433,"column":8},"end":{"line":433,"column":8}},{"start":{"line":433,"column":8},"end":{"line":433,"column":8}}]},"13":{"line":434,"type":"if","locations":[{"start":{"line":434,"column":8},"end":{"line":434,"column":8}},{"start":{"line":434,"column":8},"end":{"line":434,"column":8}}]},"14":{"line":491,"type":"if","locations":[{"start":{"line":491,"column":8},"end":{"line":491,"column":8}},{"start":{"line":491,"column":8},"end":{"line":491,"column":8}}]},"15":{"line":533,"type":"if","locations":[{"start":{"line":533,"column":8},"end":{"line":533,"column":8}},{"start":{"line":533,"column":8},"end":{"line":533,"column":8}}]},"16":{"line":534,"type":"if","locations":[{"start":{"line":534,"column":13},"end":{"line":534,"column":13}},{"start":{"line":534,"column":13},"end":{"line":534,"column":13}}]},"17":{"line":536,"type":"if","locations":[{"start":{"line":536,"column":13},"end":{"line":536,"column":13}},{"start":{"line":536,"column":13},"end":{"line":536,"column":13}}]},"18":{"line":558,"type":"if","locations":[{"start":{"line":558,"column":8},"end":{"line":558,"column":8}},{"start":{"line":558,"column":8},"end":{"line":558,"column":8}}]},"19":{"line":591,"type":"if","locations":[{"start":{"line":591,"column":8},"end":{"line":591,"column":8}},{"start":{"line":591,"column":8},"end":{"line":591,"column":8}}]}}},"contracts/token/ERC20/ERC20.sol":{"l":{"53":3,"54":3,"61":1,"69":1,"86":0,"93":3,"100":83,"112":0,"113":0,"120":26,"131":5,"132":5,"153":0,"155":0,"156":0,"157":0,"161":0,"177":1,"178":1,"196":2,"197":2,"198":2,"202":2,"224":58,"225":58,"227":58,"229":58,"230":58,"231":58,"234":58,"236":58,"238":58,"251":36,"253":36,"255":36,"256":36,"257":36,"259":36,"274":2,"276":2,"278":2,"279":2,"280":2,"283":2,"285":2,"287":2,"308":13,"309":13,"311":13,"312":13},"path":"/home/prashant/projects/z-token-smartcontract/contracts/token/ERC20/ERC20.sol","s":{"1":3,"2":3,"3":1,"4":1,"5":0,"6":3,"7":83,"8":0,"9":0,"10":26,"11":5,"12":5,"13":0,"14":0,"15":0,"16":0,"17":1,"18":1,"19":2,"20":2,"21":2,"22":58,"23":58,"24":58,"25":58,"26":58,"27":58,"28":58,"29":58,"30":36,"31":36,"32":36,"33":36,"34":36,"35":36,"36":2,"37":2,"38":2,"39":2,"40":2,"41":2,"42":2,"43":13,"44":13,"45":13,"46":13},"b":{"1":[0,0],"2":[2,0],"3":[58,0],"4":[58,0],"5":[58,0],"6":[36,0],"7":[2,0],"8":[2,0],"9":[13,0],"10":[13,0]},"f":{"1":3,"2":1,"3":1,"4":0,"5":3,"6":83,"7":0,"8":26,"9":5,"10":0,"11":1,"12":2,"13":58,"14":36,"15":2,"16":13,"17":96,"18":96},"fnMap":{"1":{"name":"constructor","line":52,"loc":{"start":{"line":52,"column":4},"end":{"line":55,"column":4}}},"2":{"name":"name","line":60,"loc":{"start":{"line":60,"column":4},"end":{"line":62,"column":4}}},"3":{"name":"symbol","line":68,"loc":{"start":{"line":68,"column":4},"end":{"line":70,"column":4}}},"4":{"name":"decimals","line":85,"loc":{"start":{"line":85,"column":4},"end":{"line":87,"column":4}}},"5":{"name":"totalSupply","line":92,"loc":{"start":{"line":92,"column":4},"end":{"line":94,"column":4}}},"6":{"name":"balanceOf","line":99,"loc":{"start":{"line":99,"column":4},"end":{"line":101,"column":4}}},"7":{"name":"transfer","line":111,"loc":{"start":{"line":111,"column":4},"end":{"line":114,"column":4}}},"8":{"name":"allowance","line":119,"loc":{"start":{"line":119,"column":4},"end":{"line":121,"column":4}}},"9":{"name":"approve","line":130,"loc":{"start":{"line":130,"column":4},"end":{"line":133,"column":4}}},"10":{"name":"transferFrom","line":148,"loc":{"start":{"line":148,"column":4},"end":{"line":162,"column":4}}},"11":{"name":"increaseAllowance","line":176,"loc":{"start":{"line":176,"column":4},"end":{"line":179,"column":4}}},"12":{"name":"decreaseAllowance","line":195,"loc":{"start":{"line":195,"column":4},"end":{"line":203,"column":4}}},"13":{"name":"_transfer","line":219,"loc":{"start":{"line":219,"column":4},"end":{"line":239,"column":4}}},"14":{"name":"_mint","line":250,"loc":{"start":{"line":250,"column":4},"end":{"line":260,"column":4}}},"15":{"name":"_burn","line":273,"loc":{"start":{"line":273,"column":4},"end":{"line":288,"column":4}}},"16":{"name":"_approve","line":303,"loc":{"start":{"line":303,"column":4},"end":{"line":313,"column":4}}},"17":{"name":"_beforeTokenTransfer","line":329,"loc":{"start":{"line":329,"column":4},"end":{"line":333,"column":24}}},"18":{"name":"_afterTokenTransfer","line":349,"loc":{"start":{"line":349,"column":4},"end":{"line":353,"column":24}}}},"statementMap":{"1":{"start":{"line":53,"column":8},"end":{"line":53,"column":20}},"2":{"start":{"line":54,"column":8},"end":{"line":54,"column":24}},"3":{"start":{"line":61,"column":8},"end":{"line":61,"column":20}},"4":{"start":{"line":69,"column":8},"end":{"line":69,"column":22}},"5":{"start":{"line":86,"column":8},"end":{"line":86,"column":17}},"6":{"start":{"line":93,"column":8},"end":{"line":93,"column":27}},"7":{"start":{"line":100,"column":8},"end":{"line":100,"column":33}},"8":{"start":{"line":112,"column":8},"end":{"line":112,"column":49}},"9":{"start":{"line":113,"column":8},"end":{"line":113,"column":19}},"10":{"start":{"line":120,"column":8},"end":{"line":120,"column":42}},"11":{"start":{"line":131,"column":8},"end":{"line":131,"column":46}},"12":{"start":{"line":132,"column":8},"end":{"line":132,"column":19}},"13":{"start":{"line":153,"column":8},"end":{"line":153,"column":43}},"14":{"start":{"line":155,"column":8},"end":{"line":155,"column":68}},"15":{"start":{"line":156,"column":8},"end":{"line":156,"column":86}},"16":{"start":{"line":161,"column":8},"end":{"line":161,"column":19}},"17":{"start":{"line":177,"column":8},"end":{"line":177,"column":87}},"18":{"start":{"line":178,"column":8},"end":{"line":178,"column":19}},"19":{"start":{"line":196,"column":8},"end":{"line":196,"column":69}},"20":{"start":{"line":197,"column":8},"end":{"line":197,"column":92}},"21":{"start":{"line":202,"column":8},"end":{"line":202,"column":19}},"22":{"start":{"line":224,"column":8},"end":{"line":224,"column":77}},"23":{"start":{"line":225,"column":8},"end":{"line":225,"column":78}},"24":{"start":{"line":227,"column":8},"end":{"line":227,"column":54}},"25":{"start":{"line":229,"column":8},"end":{"line":229,"column":49}},"26":{"start":{"line":230,"column":8},"end":{"line":230,"column":81}},"27":{"start":{"line":234,"column":8},"end":{"line":234,"column":37}},"28":{"start":{"line":236,"column":8},"end":{"line":236,"column":48}},"29":{"start":{"line":238,"column":8},"end":{"line":238,"column":53}},"30":{"start":{"line":251,"column":8},"end":{"line":251,"column":72}},"31":{"start":{"line":253,"column":8},"end":{"line":253,"column":56}},"32":{"start":{"line":255,"column":8},"end":{"line":255,"column":29}},"33":{"start":{"line":256,"column":8},"end":{"line":256,"column":35}},"34":{"start":{"line":257,"column":8},"end":{"line":257,"column":50}},"35":{"start":{"line":259,"column":8},"end":{"line":259,"column":55}},"36":{"start":{"line":274,"column":8},"end":{"line":274,"column":74}},"37":{"start":{"line":276,"column":8},"end":{"line":276,"column":56}},"38":{"start":{"line":278,"column":8},"end":{"line":278,"column":51}},"39":{"start":{"line":279,"column":8},"end":{"line":279,"column":78}},"40":{"start":{"line":283,"column":8},"end":{"line":283,"column":29}},"41":{"start":{"line":285,"column":8},"end":{"line":285,"column":50}},"42":{"start":{"line":287,"column":8},"end":{"line":287,"column":55}},"43":{"start":{"line":308,"column":8},"end":{"line":308,"column":75}},"44":{"start":{"line":309,"column":8},"end":{"line":309,"column":75}},"45":{"start":{"line":311,"column":8},"end":{"line":311,"column":43}},"46":{"start":{"line":312,"column":8},"end":{"line":312,"column":45}}},"branchMap":{"1":{"line":156,"type":"if","locations":[{"start":{"line":156,"column":8},"end":{"line":156,"column":8}},{"start":{"line":156,"column":8},"end":{"line":156,"column":8}}]},"2":{"line":197,"type":"if","locations":[{"start":{"line":197,"column":8},"end":{"line":197,"column":8}},{"start":{"line":197,"column":8},"end":{"line":197,"column":8}}]},"3":{"line":224,"type":"if","locations":[{"start":{"line":224,"column":8},"end":{"line":224,"column":8}},{"start":{"line":224,"column":8},"end":{"line":224,"column":8}}]},"4":{"line":225,"type":"if","locations":[{"start":{"line":225,"column":8},"end":{"line":225,"column":8}},{"start":{"line":225,"column":8},"end":{"line":225,"column":8}}]},"5":{"line":230,"type":"if","locations":[{"start":{"line":230,"column":8},"end":{"line":230,"column":8}},{"start":{"line":230,"column":8},"end":{"line":230,"column":8}}]},"6":{"line":251,"type":"if","locations":[{"start":{"line":251,"column":8},"end":{"line":251,"column":8}},{"start":{"line":251,"column":8},"end":{"line":251,"column":8}}]},"7":{"line":274,"type":"if","locations":[{"start":{"line":274,"column":8},"end":{"line":274,"column":8}},{"start":{"line":274,"column":8},"end":{"line":274,"column":8}}]},"8":{"line":279,"type":"if","locations":[{"start":{"line":279,"column":8},"end":{"line":279,"column":8}},{"start":{"line":279,"column":8},"end":{"line":279,"column":8}}]},"9":{"line":308,"type":"if","locations":[{"start":{"line":308,"column":8},"end":{"line":308,"column":8}},{"start":{"line":308,"column":8},"end":{"line":308,"column":8}}]},"10":{"line":309,"type":"if","locations":[{"start":{"line":309,"column":8},"end":{"line":309,"column":8}},{"start":{"line":309,"column":8},"end":{"line":309,"column":8}}]}}},"contracts/token/ERC20/extensions/IERC20Metadata.sol":{"l":{},"path":"/home/prashant/projects/z-token-smartcontract/contracts/token/ERC20/extensions/IERC20Metadata.sol","s":{},"b":{},"f":{},"fnMap":{},"statementMap":{},"branchMap":{}},"contracts/token/ERC20/IERC20.sol":{"l":{},"path":"/home/prashant/projects/z-token-smartcontract/contracts/token/ERC20/IERC20.sol","s":{},"b":{},"f":{},"fnMap":{},"statementMap":{},"branchMap":{}},"contracts/utils/Address.sol":{"l":{"31":3,"32":3,"35":3,"55":0,"57":0,"58":0,"80":0,"94":0,"113":0,"128":0,"129":0,"131":0,"132":0,"142":0,"156":0,"158":0,"159":0,"169":0,"183":0,"185":0,"186":0,"194":0,"195":0,"198":0,"201":0,"206":0},"path":"/home/prashant/projects/z-token-smartcontract/contracts/utils/Address.sol","s":{"1":3,"2":3,"3":0,"4":0,"5":0,"6":0,"7":0,"8":0,"9":0,"10":0,"11":0,"12":0,"13":0,"14":0,"15":0,"16":0,"17":0,"18":0,"19":0,"20":0,"21":0,"22":0,"23":0,"24":0},"b":{"1":[0,0],"2":[0,0],"3":[0,0],"4":[0,0],"5":[0,0],"6":[0,0],"7":[0,0],"8":[0,0]},"f":{"1":3,"2":0,"3":0,"4":0,"5":0,"6":0,"7":0,"8":0,"9":0,"10":0,"11":0},"fnMap":{"1":{"name":"isContract","line":26,"loc":{"start":{"line":26,"column":4},"end":{"line":36,"column":4}}},"2":{"name":"sendValue","line":54,"loc":{"start":{"line":54,"column":4},"end":{"line":59,"column":4}}},"3":{"name":"functionCall","line":79,"loc":{"start":{"line":79,"column":4},"end":{"line":81,"column":4}}},"4":{"name":"functionCall","line":89,"loc":{"start":{"line":89,"column":4},"end":{"line":95,"column":4}}},"5":{"name":"functionCallWithValue","line":108,"loc":{"start":{"line":108,"column":4},"end":{"line":114,"column":4}}},"6":{"name":"functionCallWithValue","line":122,"loc":{"start":{"line":122,"column":4},"end":{"line":133,"column":4}}},"7":{"name":"functionStaticCall","line":141,"loc":{"start":{"line":141,"column":4},"end":{"line":143,"column":4}}},"8":{"name":"functionStaticCall","line":151,"loc":{"start":{"line":151,"column":4},"end":{"line":160,"column":4}}},"9":{"name":"functionDelegateCall","line":168,"loc":{"start":{"line":168,"column":4},"end":{"line":170,"column":4}}},"10":{"name":"functionDelegateCall","line":178,"loc":{"start":{"line":178,"column":4},"end":{"line":187,"column":4}}},"11":{"name":"_verifyCallResult","line":189,"loc":{"start":{"line":189,"column":4},"end":{"line":209,"column":4}}}},"statementMap":{"1":{"start":{"line":31,"column":8},"end":{"line":31,"column":20}},"2":{"start":{"line":35,"column":8},"end":{"line":35,"column":23}},"3":{"start":{"line":55,"column":8},"end":{"line":55,"column":80}},"4":{"start":{"line":57,"column":8},"end":{"line":57,"column":60}},"5":{"start":{"line":58,"column":8},"end":{"line":58,"column":85}},"6":{"start":{"line":80,"column":8},"end":{"line":80,"column":75}},"7":{"start":{"line":94,"column":8},"end":{"line":94,"column":67}},"8":{"start":{"line":113,"column":8},"end":{"line":113,"column":102}},"9":{"start":{"line":128,"column":8},"end":{"line":128,"column":88}},"10":{"start":{"line":129,"column":8},"end":{"line":129,"column":67}},"11":{"start":{"line":131,"column":8},"end":{"line":131,"column":81}},"12":{"start":{"line":132,"column":8},"end":{"line":132,"column":67}},"13":{"start":{"line":142,"column":8},"end":{"line":142,"column":88}},"14":{"start":{"line":156,"column":8},"end":{"line":156,"column":74}},"15":{"start":{"line":158,"column":8},"end":{"line":158,"column":73}},"16":{"start":{"line":159,"column":8},"end":{"line":159,"column":67}},"17":{"start":{"line":169,"column":8},"end":{"line":169,"column":92}},"18":{"start":{"line":183,"column":8},"end":{"line":183,"column":76}},"19":{"start":{"line":185,"column":8},"end":{"line":185,"column":75}},"20":{"start":{"line":186,"column":8},"end":{"line":186,"column":67}},"21":{"start":{"line":194,"column":8},"end":{"line":194,"column":7129}},"22":{"start":{"line":195,"column":12},"end":{"line":195,"column":29}},"23":{"start":{"line":198,"column":12},"end":{"line":198,"column":7274}},"24":{"start":{"line":206,"column":16},"end":{"line":206,"column":35}}},"branchMap":{"1":{"line":55,"type":"if","locations":[{"start":{"line":55,"column":8},"end":{"line":55,"column":8}},{"start":{"line":55,"column":8},"end":{"line":55,"column":8}}]},"2":{"line":58,"type":"if","locations":[{"start":{"line":58,"column":8},"end":{"line":58,"column":8}},{"start":{"line":58,"column":8},"end":{"line":58,"column":8}}]},"3":{"line":128,"type":"if","locations":[{"start":{"line":128,"column":8},"end":{"line":128,"column":8}},{"start":{"line":128,"column":8},"end":{"line":128,"column":8}}]},"4":{"line":129,"type":"if","locations":[{"start":{"line":129,"column":8},"end":{"line":129,"column":8}},{"start":{"line":129,"column":8},"end":{"line":129,"column":8}}]},"5":{"line":156,"type":"if","locations":[{"start":{"line":156,"column":8},"end":{"line":156,"column":8}},{"start":{"line":156,"column":8},"end":{"line":156,"column":8}}]},"6":{"line":183,"type":"if","locations":[{"start":{"line":183,"column":8},"end":{"line":183,"column":8}},{"start":{"line":183,"column":8},"end":{"line":183,"column":8}}]},"7":{"line":194,"type":"if","locations":[{"start":{"line":194,"column":8},"end":{"line":194,"column":8}},{"start":{"line":194,"column":8},"end":{"line":194,"column":8}}]},"8":{"line":198,"type":"if","locations":[{"start":{"line":198,"column":12},"end":{"line":198,"column":12}},{"start":{"line":198,"column":12},"end":{"line":198,"column":12}}]}}},"contracts/utils/Context.sol":{"l":{"17":34,"21":0},"path":"/home/prashant/projects/z-token-smartcontract/contracts/utils/Context.sol","s":{"1":34,"2":0},"b":{},"f":{"1":34,"2":0},"fnMap":{"1":{"name":"_msgSender","line":16,"loc":{"start":{"line":16,"column":4},"end":{"line":18,"column":4}}},"2":{"name":"_msgData","line":20,"loc":{"start":{"line":20,"column":4},"end":{"line":22,"column":4}}}},"statementMap":{"1":{"start":{"line":17,"column":8},"end":{"line":17,"column":25}},"2":{"start":{"line":21,"column":8},"end":{"line":21,"column":23}}},"branchMap":{}}}