{
"contracts/access/Ownable.sol":{"l":{"28":3,"35":66,"42":13,"43":9,"54":1,"62":1,"63":1,"67":5,"68":5,"69":5},"path":"/home/prashant/projects/z-token-smartcontract/contracts/access/Ownable.sol","s":{"1":3,"2":66,"3":13,"4":1,"5":1,"6":1,"7":5,"8":5,"9":5},"b":{"1":[9,4],"2":[1,0]},"f":{"1":3,"2":66,"3":13,"4":1,"5":1,"6":5},"fnMap":{"1":{"name":"constructor","line":27,"loc":{"start":{"line":27,"column":4},"end":{"line":29,"column":4}}},"2":{"name":"owner","line":34,"loc":{"start":{"line":34,"column":4},"end":{"line":36,"column":4}}},"3":{"name":"onlyOwner","line":41,"loc":{"start":{"line":41,"column":4},"end":{"line":44,"column":4}}},"4":{"name":"renounceOwnership","line":53,"loc":{"start":{"line":53,"column":4},"end":{"line":55,"column":4}}},"5":{"name":"transferOwnership","line":61,"loc":{"start":{"line":61,"column":4},"end":{"line":64,"column":4}}},"6":{"name":"_setOwner","line":66,"loc":{"start":{"line":66,"column":4},"end":{"line":70,"column":4}}}},"statementMap":{"1":{"start":{"line":28,"column":8},"end":{"line":28,"column":30}},"2":{"start":{"line":35,"column":8},"end":{"line":35,"column":21}},"3":{"start":{"line":42,"column":8},"end":{"line":42,"column":75}},"4":{"start":{"line":54,"column":8},"end":{"line":54,"column":28}},"5":{"start":{"line":62,"column":8},"end":{"line":62,"column":80}},"6":{"start":{"line":63,"column":8},"end":{"line":63,"column":26}},"7":{"start":{"line":67,"column":8},"end":{"line":67,"column":33}},"8":{"start":{"line":68,"column":8},"end":{"line":68,"column":24}},"9":{"start":{"line":69,"column":8},"end":{"line":69,"column":53}}},"branchMap":{"1":{"line":42,"type":"if","locations":[{"start":{"line":42,"column":8},"end":{"line":42,"column":8}},{"start":{"line":42,"column":8},"end":{"line":42,"column":8}}]},"2":{"line":62,"type":"if","locations":[{"start":{"line":62,"column":8},"end":{"line":62,"column":8}},{"start":{"line":62,"column":8},"end":{"line":62,"column":8}}]}}},
"contracts/MyToken.sol":{"l":{"103":3,"104":3,"105":3,"106":3,"114":32,"115":32,"119":18,"123":18,"127":3,"128":3,"132":12,"133":6,"152":3,"156":3,"157":3,"158":3,"173":18,"174":18,"175":18,"182":1,"197":16,"198":16,"213":6,"214":6,"218":2,"219":2,"220":2,"236":20,"237":20,"239":20,"240":20,"241":20,"242":20,"243":20,"257":2,"258":2,"272":20,"289":39,"306":39,"323":2,"324":2,"325":2,"338":2,"339":2,"340":2,"350":2,"351":2,"352":2,"360":2,"372":2,"376":0,"421":8,"422":8,"425":8,"446":4,"447":4,"448":4,"449":4,"450":4,"451":4,"468":8,"469":8,"470":8,"471":8,"495":1,"503":1,"506":1,"507":1,"509":1,"510":1,"537":3,"545":3,"546":3,"548":3,"550":1,"552":1,"553":3,"573":2,"574":2,"586":2,"606":6,"612":6,"624":6},"path":"/home/prashant/projects/z-token-smartcontract/contracts/MyToken.sol","s":{"1":3,"2":3,"3":3,"4":3,"5":32,"6":18,"7":3,"8":12,"9":3,"10":3,"11":3,"12":3,"13":18,"14":18,"15":18,"16":18,"17":1,"18":16,"19":16,"20":6,"21":6,"22":2,"23":2,"24":2,"25":20,"26":20,"27":20,"28":19,"29":20,"30":19,"31":20,"32":20,"33":20,"34":2,"35":2,"36":20,"37":39,"38":39,"39":2,"40":2,"41":2,"42":2,"43":2,"44":2,"45":2,"46":2,"47":2,"48":2,"49":0,"50":8,"51":8,"52":4,"53":4,"54":4,"55":4,"56":4,"57":4,"58":8,"59":8,"60":8,"61":8,"62":1,"63":1,"64":1,"65":1,"66":1,"67":1,"68":3,"69":3,"70":3,"71":3,"72":1,"73":2,"74":1,"75":1,"76":1,"77":3,"78":2,"79":2,"80":2,"81":6,"82":6,"83":6},"b":{"1":[32,0],"2":[18,0],"3":[3,0],"4":[6,6],"5":[3,0],"6":[18,0],"7":[2,4],"8":[19,1],"9":[19,1],"10":[0,2],"11":[4,0],"12":[4,0],"13":[4,0],"14":[1,0],"15":[1,2],"16":[1,1],"17":[1,0],"18":[2,0],"19":[6,0]},"f":{"1":3,"2":32,"3":18,"4":3,"5":12,"6":3,"7":18,"8":1,"9":16,"10":6,"11":20,"12":2,"13":20,"14":39,"15":39,"16":2,"17":2,"18":2,"19":2,"20":3,"21":8,"22":4,"23":8,"24":1,"25":3,"26":2,"27":6},"fnMap":{"1":{"name":"constructor","line":101,"loc":{"start":{"line":89,"column":4},"end":{"line":107,"column":4}}},"2":{"name":"onlyNonZeroAddress","line":113,"loc":{"start":{"line":113,"column":4},"end":{"line":116,"column":4}}},"3":{"name":"onlyTokenContract","line":118,"loc":{"start":{"line":118,"column":4},"end":{"line":124,"column":4}}},"4":{"name":"isContractAddress","line":126,"loc":{"start":{"line":126,"column":4},"end":{"line":129,"column":4}}},"5":{"name":"onlyPhoenix","line":131,"loc":{"start":{"line":131,"column":4},"end":{"line":134,"column":4}}},"6":{"name":"transferToken","line":150,"loc":{"start":{"line":147,"column":4},"end":{"line":159,"column":4}}},"7":{"name":"tokenFallback","line":172,"loc":{"start":{"line":168,"column":4},"end":{"line":176,"column":4}}},"8":{"name":"decimals","line":181,"loc":{"start":{"line":181,"column":4},"end":{"line":183,"column":4}}},"9":{"name":"transfer","line":191,"loc":{"start":{"line":191,"column":4},"end":{"line":199,"column":4}}},"10":{"name":"transferFrom","line":208,"loc":{"start":{"line":208,"column":4},"end":{"line":221,"column":4}}},"11":{"name":"privateTransfer","line":235,"loc":{"start":{"line":231,"column":4},"end":{"line":244,"column":4}}},"12":{"name":"updatePhoenixAddress","line":254,"loc":{"start":{"line":252,"column":4},"end":{"line":259,"column":4}}},"13":{"name":"calculateCommissionMint","line":267,"loc":{"start":{"line":267,"column":4},"end":{"line":277,"column":4}}},"14":{"name":"calculateCommissionMyTokenCrw","line":284,"loc":{"start":{"line":284,"column":4},"end":{"line":294,"column":4}}},"15":{"name":"calculateCommissionPhoenixCrw","line":301,"loc":{"start":{"line":301,"column":4},"end":{"line":311,"column":4}}},"16":{"name":"updateCommssionPhoenixTransfer","line":321,"loc":{"start":{"line":319,"column":4},"end":{"line":326,"column":4}}},"17":{"name":"updateCommssionMyTokenTranfer","line":336,"loc":{"start":{"line":334,"column":4},"end":{"line":341,"column":4}}},"18":{"name":"updateCommssionMint","line":349,"loc":{"start":{"line":349,"column":4},"end":{"line":353,"column":4}}},"19":{"name":"transferAnyERC20Token","line":370,"loc":{"start":{"line":368,"column":4},"end":{"line":377,"column":4}}},"20":{"name":"constructor","line":413,"loc":{"start":{"line":398,"column":4},"end":{"line":414,"column":5}}},"21":{"name":"getChainID","line":420,"loc":{"start":{"line":420,"column":4},"end":{"line":426,"column":4}}},"22":{"name":"preAuthValidations","line":438,"loc":{"start":{"line":438,"column":4},"end":{"line":452,"column":4}}},"23":{"name":"getSigner","line":462,"loc":{"start":{"line":462,"column":4},"end":{"line":472,"column":4}}},"24":{"name":"preAuthorizedTransfer","line":485,"loc":{"start":{"line":485,"column":4},"end":{"line":511,"column":4}}},"25":{"name":"preAuthorizedApproval","line":526,"loc":{"start":{"line":526,"column":4},"end":{"line":554,"column":4}}},"26":{"name":"getProofTransfer","line":565,"loc":{"start":{"line":565,"column":4},"end":{"line":587,"column":4}}},"27":{"name":"getProofApproval","line":598,"loc":{"start":{"line":598,"column":4},"end":{"line":625,"column":4}}}},"statementMap":{"1":{"start":{"line":103,"column":8},"end":{"line":103,"column":62}},"2":{"start":{"line":104,"column":8},"end":{"line":104,"column":31}},"3":{"start":{"line":105,"column":8},"end":{"line":105,"column":31}},"4":{"start":{"line":106,"column":8},"end":{"line":106,"column":37}},"5":{"start":{"line":114,"column":8},"end":{"line":114,"column":63}},"6":{"start":{"line":119,"column":8},"end":{"line":119,"column":3323}},"7":{"start":{"line":127,"column":8},"end":{"line":127,"column":73}},"8":{"start":{"line":132,"column":8},"end":{"line":132,"column":67}},"9":{"start":{"line":152,"column":8},"end":{"line":152,"column":4363}},"10":{"start":{"line":156,"column":8},"end":{"line":156,"column":55}},"11":{"start":{"line":157,"column":8},"end":{"line":157,"column":77}},"12":{"start":{"line":158,"column":8},"end":{"line":158,"column":52}},"13":{"start":{"line":173,"column":8},"end":{"line":173,"column":53}},"14":{"start":{"line":174,"column":8},"end":{"line":174,"column":43}},"15":{"start":{"line":174,"column":21},"end":{"line":174,"column":42}},"16":{"start":{"line":175,"column":8},"end":{"line":175,"column":44}},"17":{"start":{"line":182,"column":8},"end":{"line":182,"column":22}},"18":{"start":{"line":197,"column":8},"end":{"line":197,"column":53}},"19":{"start":{"line":198,"column":8},"end":{"line":198,"column":19}},"20":{"start":{"line":213,"column":8},"end":{"line":213,"column":66}},"21":{"start":{"line":214,"column":8},"end":{"line":214,"column":6573}},"22":{"start":{"line":218,"column":8},"end":{"line":218,"column":67}},"23":{"start":{"line":219,"column":8},"end":{"line":219,"column":49}},"24":{"start":{"line":220,"column":8},"end":{"line":220,"column":19}},"25":{"start":{"line":236,"column":8},"end":{"line":236,"column":69}},"26":{"start":{"line":237,"column":8},"end":{"line":237,"column":72}},"27":{"start":{"line":239,"column":8},"end":{"line":239,"column":72}},"28":{"start":{"line":239,"column":30},"end":{"line":239,"column":71}},"29":{"start":{"line":240,"column":8},"end":{"line":240,"column":78}},"30":{"start":{"line":240,"column":33},"end":{"line":240,"column":77}},"31":{"start":{"line":241,"column":8},"end":{"line":241,"column":65}},"32":{"start":{"line":242,"column":8},"end":{"line":242,"column":63}},"33":{"start":{"line":243,"column":8},"end":{"line":243,"column":19}},"34":{"start":{"line":257,"column":8},"end":{"line":257,"column":25}},"35":{"start":{"line":258,"column":8},"end":{"line":258,"column":19}},"36":{"start":{"line":272,"column":8},"end":{"line":272,"column":8532}},"37":{"start":{"line":289,"column":8},"end":{"line":289,"column":8997}},"38":{"start":{"line":306,"column":8},"end":{"line":306,"column":9460}},"39":{"start":{"line":323,"column":8},"end":{"line":323,"column":46}},"40":{"start":{"line":324,"column":8},"end":{"line":324,"column":44}},"41":{"start":{"line":325,"column":8},"end":{"line":325,"column":58}},"42":{"start":{"line":338,"column":8},"end":{"line":338,"column":43}},"43":{"start":{"line":339,"column":8},"end":{"line":339,"column":41}},"44":{"start":{"line":340,"column":8},"end":{"line":340,"column":66}},"45":{"start":{"line":350,"column":8},"end":{"line":350,"column":42}},"46":{"start":{"line":351,"column":8},"end":{"line":351,"column":40}},"47":{"start":{"line":352,"column":8},"end":{"line":352,"column":57}},"48":{"start":{"line":372,"column":8},"end":{"line":372,"column":11682}},"49":{"start":{"line":376,"column":8},"end":{"line":376,"column":66}},"50":{"start":{"line":421,"column":8},"end":{"line":421,"column":18}},"51":{"start":{"line":425,"column":8},"end":{"line":425,"column":17}},"52":{"start":{"line":446,"column":8},"end":{"line":446,"column":52}},"53":{"start":{"line":447,"column":8},"end":{"line":447,"column":64}},"54":{"start":{"line":448,"column":8},"end":{"line":448,"column":63}},"55":{"start":{"line":449,"column":8},"end":{"line":449,"column":49}},"56":{"start":{"line":450,"column":8},"end":{"line":450,"column":38}},"57":{"start":{"line":451,"column":8},"end":{"line":451,"column":21}},"58":{"start":{"line":468,"column":8},"end":{"line":468,"column":64}},"59":{"start":{"line":469,"column":8},"end":{"line":469,"column":75}},"60":{"start":{"line":470,"column":8},"end":{"line":470,"column":57}},"61":{"start":{"line":471,"column":8},"end":{"line":471,"column":21}},"62":{"start":{"line":495,"column":8},"end":{"line":495,"column":15402}},"63":{"start":{"line":503,"column":8},"end":{"line":503,"column":75}},"64":{"start":{"line":506,"column":8},"end":{"line":506,"column":15732}},"65":{"start":{"line":507,"column":12},"end":{"line":507,"column":58}},"66":{"start":{"line":509,"column":8},"end":{"line":509,"column":42}},"67":{"start":{"line":510,"column":8},"end":{"line":510,"column":62}},"68":{"start":{"line":537,"column":8},"end":{"line":537,"column":16798}},"69":{"start":{"line":545,"column":8},"end":{"line":545,"column":75}},"70":{"start":{"line":546,"column":8},"end":{"line":546,"column":56}},"71":{"start":{"line":548,"column":8},"end":{"line":548,"column":17193}},"72":{"start":{"line":548,"column":46},"end":{"line":548,"column":73}},"73":{"start":{"line":549,"column":13},"end":{"line":549,"column":17274}},"74":{"start":{"line":550,"column":12},"end":{"line":550,"column":61}},"75":{"start":{"line":551,"column":13},"end":{"line":551,"column":17398}},"76":{"start":{"line":552,"column":12},"end":{"line":552,"column":61}},"77":{"start":{"line":553,"column":8},"end":{"line":553,"column":19}},"78":{"start":{"line":573,"column":8},"end":{"line":573,"column":73}},"79":{"start":{"line":574,"column":8},"end":{"line":574,"column":18240}},"80":{"start":{"line":586,"column":8},"end":{"line":586,"column":20}},"81":{"start":{"line":606,"column":8},"end":{"line":606,"column":19247}},"82":{"start":{"line":612,"column":8},"end":{"line":612,"column":19479}},"83":{"start":{"line":624,"column":8},"end":{"line":624,"column":20}}},"branchMap":{"1":{"line":114,"type":"if","locations":[{"start":{"line":114,"column":8},"end":{"line":114,"column":8}},{"start":{"line":114,"column":8},"end":{"line":114,"column":8}}]},"2":{"line":119,"type":"if","locations":[{"start":{"line":119,"column":8},"end":{"line":119,"column":8}},{"start":{"line":119,"column":8},"end":{"line":119,"column":8}}]},"3":{"line":127,"type":"if","locations":[{"start":{"line":127,"column":8},"end":{"line":127,"column":8}},{"start":{"line":127,"column":8},"end":{"line":127,"column":8}}]},"4":{"line":132,"type":"if","locations":[{"start":{"line":132,"column":8},"end":{"line":132,"column":8}},{"start":{"line":132,"column":8},"end":{"line":132,"column":8}}]},"5":{"line":152,"type":"if","locations":[{"start":{"line":152,"column":8},"end":{"line":152,"column":8}},{"start":{"line":152,"column":8},"end":{"line":152,"column":8}}]},"6":{"line":174,"type":"if","locations":[{"start":{"line":174,"column":8},"end":{"line":174,"column":8}},{"start":{"line":174,"column":8},"end":{"line":174,"column":8}}]},"7":{"line":214,"type":"if","locations":[{"start":{"line":214,"column":8},"end":{"line":214,"column":8}},{"start":{"line":214,"column":8},"end":{"line":214,"column":8}}]},"8":{"line":239,"type":"if","locations":[{"start":{"line":239,"column":8},"end":{"line":239,"column":8}},{"start":{"line":239,"column":8},"end":{"line":239,"column":8}}]},"9":{"line":240,"type":"if","locations":[{"start":{"line":240,"column":8},"end":{"line":240,"column":8}},{"start":{"line":240,"column":8},"end":{"line":240,"column":8}}]},"10":{"line":372,"type":"if","locations":[{"start":{"line":372,"column":8},"end":{"line":372,"column":8}},{"start":{"line":372,"column":8},"end":{"line":372,"column":8}}]},"11":{"line":447,"type":"if","locations":[{"start":{"line":447,"column":8},"end":{"line":447,"column":8}},{"start":{"line":447,"column":8},"end":{"line":447,"column":8}}]},"12":{"line":448,"type":"if","locations":[{"start":{"line":448,"column":8},"end":{"line":448,"column":8}},{"start":{"line":448,"column":8},"end":{"line":448,"column":8}}]},"13":{"line":449,"type":"if","locations":[{"start":{"line":449,"column":8},"end":{"line":449,"column":8}},{"start":{"line":449,"column":8},"end":{"line":449,"column":8}}]},"14":{"line":506,"type":"if","locations":[{"start":{"line":506,"column":8},"end":{"line":506,"column":8}},{"start":{"line":506,"column":8},"end":{"line":506,"column":8}}]},"15":{"line":548,"type":"if","locations":[{"start":{"line":548,"column":8},"end":{"line":548,"column":8}},{"start":{"line":548,"column":8},"end":{"line":548,"column":8}}]},"16":{"line":549,"type":"if","locations":[{"start":{"line":549,"column":13},"end":{"line":549,"column":13}},{"start":{"line":549,"column":13},"end":{"line":549,"column":13}}]},"17":{"line":551,"type":"if","locations":[{"start":{"line":551,"column":13},"end":{"line":551,"column":13}},{"start":{"line":551,"column":13},"end":{"line":551,"column":13}}]},"18":{"line":573,"type":"if","locations":[{"start":{"line":573,"column":8},"end":{"line":573,"column":8}},{"start":{"line":573,"column":8},"end":{"line":573,"column":8}}]},"19":{"line":606,"type":"if","locations":[{"start":{"line":606,"column":8},"end":{"line":606,"column":8}},{"start":{"line":606,"column":8},"end":{"line":606,"column":8}}]}}},
"contracts/token/ERC20/ERC20.sol":{"l":{"53":3,"54":3,"61":1,"69":1,"86":0,"93":3,"100":83,"112":0,"113":0,"120":26,"131":5,"132":5,"153":0,"155":0,"156":0,"157":0,"161":0,"177":1,"178":1,"196":2,"197":2,"198":2,"202":2,"224":58,"225":58,"227":58,"229":58,"230":58,"231":58,"234":58,"236":58,"238":58,"251":36,"253":36,"255":36,"256":36,"257":36,"259":36,"274":3,"276":3,"278":3,"279":3,"280":1,"283":1,"285":1,"287":1,"308":13,"309":13,"311":13,"312":13},"path":"/home/prashant/projects/z-token-smartcontract/contracts/token/ERC20/ERC20.sol","s":{"1":3,"2":3,"3":1,"4":1,"5":0,"6":3,"7":83,"8":0,"9":0,"10":26,"11":5,"12":5,"13":0,"14":0,"15":0,"16":0,"17":1,"18":1,"19":2,"20":2,"21":2,"22":58,"23":58,"24":58,"25":58,"26":58,"27":58,"28":58,"29":58,"30":36,"31":36,"32":36,"33":36,"34":36,"35":36,"36":3,"37":3,"38":3,"39":3,"40":1,"41":1,"42":1,"43":13,"44":13,"45":13,"46":13},"b":{"1":[0,0],"2":[2,0],"3":[58,0],"4":[58,0],"5":[58,0],"6":[36,0],"7":[3,0],"8":[1,2],"9":[13,0],"10":[13,0]},"f":{"1":3,"2":1,"3":1,"4":0,"5":3,"6":83,"7":0,"8":26,"9":5,"10":0,"11":1,"12":2,"13":58,"14":36,"15":3,"16":13,"17":97,"18":95},"fnMap":{"1":{"name":"constructor","line":52,"loc":{"start":{"line":52,"column":4},"end":{"line":55,"column":4}}},"2":{"name":"name","line":60,"loc":{"start":{"line":60,"column":4},"end":{"line":62,"column":4}}},"3":{"name":"symbol","line":68,"loc":{"start":{"line":68,"column":4},"end":{"line":70,"column":4}}},"4":{"name":"decimals","line":85,"loc":{"start":{"line":85,"column":4},"end":{"line":87,"column":4}}},"5":{"name":"totalSupply","line":92,"loc":{"start":{"line":92,"column":4},"end":{"line":94,"column":4}}},"6":{"name":"balanceOf","line":99,"loc":{"start":{"line":99,"column":4},"end":{"line":101,"column":4}}},"7":{"name":"transfer","line":111,"loc":{"start":{"line":111,"column":4},"end":{"line":114,"column":4}}},"8":{"name":"allowance","line":119,"loc":{"start":{"line":119,"column":4},"end":{"line":121,"column":4}}},"9":{"name":"approve","line":130,"loc":{"start":{"line":130,"column":4},"end":{"line":133,"column":4}}},"10":{"name":"transferFrom","line":148,"loc":{"start":{"line":148,"column":4},"end":{"line":162,"column":4}}},"11":{"name":"increaseAllowance","line":176,"loc":{"start":{"line":176,"column":4},"end":{"line":179,"column":4}}},"12":{"name":"decreaseAllowance","line":195,"loc":{"start":{"line":195,"column":4},"end":{"line":203,"column":4}}},"13":{"name":"_transfer","line":219,"loc":{"start":{"line":219,"column":4},"end":{"line":239,"column":4}}},"14":{"name":"_mint","line":250,"loc":{"start":{"line":250,"column":4},"end":{"line":260,"column":4}}},"15":{"name":"_burn","line":273,"loc":{"start":{"line":273,"column":4},"end":{"line":288,"column":4}}},"16":{"name":"_approve","line":303,"loc":{"start":{"line":303,"column":4},"end":{"line":313,"column":4}}},"17":{"name":"_beforeTokenTransfer","line":329,"loc":{"start":{"line":329,"column":4},"end":{"line":333,"column":24}}},"18":{"name":"_afterTokenTransfer","line":349,"loc":{"start":{"line":349,"column":4},"end":{"line":353,"column":24}}}},"statementMap":{"1":{"start":{"line":53,"column":8},"end":{"line":53,"column":20}},"2":{"start":{"line":54,"column":8},"end":{"line":54,"column":24}},"3":{"start":{"line":61,"column":8},"end":{"line":61,"column":20}},"4":{"start":{"line":69,"column":8},"end":{"line":69,"column":22}},"5":{"start":{"line":86,"column":8},"end":{"line":86,"column":17}},"6":{"start":{"line":93,"column":8},"end":{"line":93,"column":27}},"7":{"start":{"line":100,"column":8},"end":{"line":100,"column":33}},"8":{"start":{"line":112,"column":8},"end":{"line":112,"column":49}},"9":{"start":{"line":113,"column":8},"end":{"line":113,"column":19}},"10":{"start":{"line":120,"column":8},"end":{"line":120,"column":42}},"11":{"start":{"line":131,"column":8},"end":{"line":131,"column":46}},"12":{"start":{"line":132,"column":8},"end":{"line":132,"column":19}},"13":{"start":{"line":153,"column":8},"end":{"line":153,"column":43}},"14":{"start":{"line":155,"column":8},"end":{"line":155,"column":68}},"15":{"start":{"line":156,"column":8},"end":{"line":156,"column":86}},"16":{"start":{"line":161,"column":8},"end":{"line":161,"column":19}},"17":{"start":{"line":177,"column":8},"end":{"line":177,"column":87}},"18":{"start":{"line":178,"column":8},"end":{"line":178,"column":19}},"19":{"start":{"line":196,"column":8},"end":{"line":196,"column":69}},"20":{"start":{"line":197,"column":8},"end":{"line":197,"column":92}},"21":{"start":{"line":202,"column":8},"end":{"line":202,"column":19}},"22":{"start":{"line":224,"column":8},"end":{"line":224,"column":77}},"23":{"start":{"line":225,"column":8},"end":{"line":225,"column":78}},"24":{"start":{"line":227,"column":8},"end":{"line":227,"column":54}},"25":{"start":{"line":229,"column":8},"end":{"line":229,"column":49}},"26":{"start":{"line":230,"column":8},"end":{"line":230,"column":81}},"27":{"start":{"line":234,"column":8},"end":{"line":234,"column":37}},"28":{"start":{"line":236,"column":8},"end":{"line":236,"column":48}},"29":{"start":{"line":238,"column":8},"end":{"line":238,"column":53}},"30":{"start":{"line":251,"column":8},"end":{"line":251,"column":72}},"31":{"start":{"line":253,"column":8},"end":{"line":253,"column":56}},"32":{"start":{"line":255,"column":8},"end":{"line":255,"column":29}},"33":{"start":{"line":256,"column":8},"end":{"line":256,"column":35}},"34":{"start":{"line":257,"column":8},"end":{"line":257,"column":50}},"35":{"start":{"line":259,"column":8},"end":{"line":259,"column":55}},"36":{"start":{"line":274,"column":8},"end":{"line":274,"column":74}},"37":{"start":{"line":276,"column":8},"end":{"line":276,"column":56}},"38":{"start":{"line":278,"column":8},"end":{"line":278,"column":51}},"39":{"start":{"line":279,"column":8},"end":{"line":279,"column":78}},"40":{"start":{"line":283,"column":8},"end":{"line":283,"column":29}},"41":{"start":{"line":285,"column":8},"end":{"line":285,"column":50}},"42":{"start":{"line":287,"column":8},"end":{"line":287,"column":55}},"43":{"start":{"line":308,"column":8},"end":{"line":308,"column":75}},"44":{"start":{"line":309,"column":8},"end":{"line":309,"column":75}},"45":{"start":{"line":311,"column":8},"end":{"line":311,"column":43}},"46":{"start":{"line":312,"column":8},"end":{"line":312,"column":45}}},"branchMap":{"1":{"line":156,"type":"if","locations":[{"start":{"line":156,"column":8},"end":{"line":156,"column":8}},{"start":{"line":156,"column":8},"end":{"line":156,"column":8}}]},"2":{"line":197,"type":"if","locations":[{"start":{"line":197,"column":8},"end":{"line":197,"column":8}},{"start":{"line":197,"column":8},"end":{"line":197,"column":8}}]},"3":{"line":224,"type":"if","locations":[{"start":{"line":224,"column":8},"end":{"line":224,"column":8}},{"start":{"line":224,"column":8},"end":{"line":224,"column":8}}]},"4":{"line":225,"type":"if","locations":[{"start":{"line":225,"column":8},"end":{"line":225,"column":8}},{"start":{"line":225,"column":8},"end":{"line":225,"column":8}}]},"5":{"line":230,"type":"if","locations":[{"start":{"line":230,"column":8},"end":{"line":230,"column":8}},{"start":{"line":230,"column":8},"end":{"line":230,"column":8}}]},"6":{"line":251,"type":"if","locations":[{"start":{"line":251,"column":8},"end":{"line":251,"column":8}},{"start":{"line":251,"column":8},"end":{"line":251,"column":8}}]},"7":{"line":274,"type":"if","locations":[{"start":{"line":274,"column":8},"end":{"line":274,"column":8}},{"start":{"line":274,"column":8},"end":{"line":274,"column":8}}]},"8":{"line":279,"type":"if","locations":[{"start":{"line":279,"column":8},"end":{"line":279,"column":8}},{"start":{"line":279,"column":8},"end":{"line":279,"column":8}}]},"9":{"line":308,"type":"if","locations":[{"start":{"line":308,"column":8},"end":{"line":308,"column":8}},{"start":{"line":308,"column":8},"end":{"line":308,"column":8}}]},"10":{"line":309,"type":"if","locations":[{"start":{"line":309,"column":8},"end":{"line":309,"column":8}},{"start":{"line":309,"column":8},"end":{"line":309,"column":8}}]}}},
"contracts/token/ERC20/extensions/IERC20Metadata.sol":{"l":{},"path":"/home/prashant/projects/z-token-smartcontract/contracts/token/ERC20/extensions/IERC20Metadata.sol","s":{},"b":{},"f":{},"fnMap":{},"statementMap":{},"branchMap":{}},
"contracts/token/ERC20/IERC20.sol":{"l":{},"path":"/home/prashant/projects/z-token-smartcontract/contracts/token/ERC20/IERC20.sol","s":{},"b":{},"f":{},"fnMap":{},"statementMap":{},"branchMap":{}},
"contracts/utils/Address.sol":{"l":{"31":3,"32":3,"35":3,"55":0,"57":0,"58":0,"80":0,"94":0,"113":0,"128":0,"129":0,"131":0,"132":0,"142":0,"156":0,"158":0,"159":0,"169":0,"183":0,"185":0,"186":0,"194":0,"195":0,"198":0,"201":0,"206":0},"path":"/home/prashant/projects/z-token-smartcontract/contracts/utils/Address.sol","s":{"1":3,"2":3,"3":0,"4":0,"5":0,"6":0,"7":0,"8":0,"9":0,"10":0,"11":0,"12":0,"13":0,"14":0,"15":0,"16":0,"17":0,"18":0,"19":0,"20":0,"21":0,"22":0,"23":0,"24":0},"b":{"1":[0,0],"2":[0,0],"3":[0,0],"4":[0,0],"5":[0,0],"6":[0,0],"7":[0,0],"8":[0,0]},"f":{"1":3,"2":0,"3":0,"4":0,"5":0,"6":0,"7":0,"8":0,"9":0,"10":0,"11":0},"fnMap":{"1":{"name":"isContract","line":26,"loc":{"start":{"line":26,"column":4},"end":{"line":36,"column":4}}},"2":{"name":"sendValue","line":54,"loc":{"start":{"line":54,"column":4},"end":{"line":59,"column":4}}},"3":{"name":"functionCall","line":79,"loc":{"start":{"line":79,"column":4},"end":{"line":81,"column":4}}},"4":{"name":"functionCall","line":89,"loc":{"start":{"line":89,"column":4},"end":{"line":95,"column":4}}},"5":{"name":"functionCallWithValue","line":108,"loc":{"start":{"line":108,"column":4},"end":{"line":114,"column":4}}},"6":{"name":"functionCallWithValue","line":122,"loc":{"start":{"line":122,"column":4},"end":{"line":133,"column":4}}},"7":{"name":"functionStaticCall","line":141,"loc":{"start":{"line":141,"column":4},"end":{"line":143,"column":4}}},"8":{"name":"functionStaticCall","line":151,"loc":{"start":{"line":151,"column":4},"end":{"line":160,"column":4}}},"9":{"name":"functionDelegateCall","line":168,"loc":{"start":{"line":168,"column":4},"end":{"line":170,"column":4}}},"10":{"name":"functionDelegateCall","line":178,"loc":{"start":{"line":178,"column":4},"end":{"line":187,"column":4}}},"11":{"name":"_verifyCallResult","line":189,"loc":{"start":{"line":189,"column":4},"end":{"line":209,"column":4}}}},"statementMap":{"1":{"start":{"line":31,"column":8},"end":{"line":31,"column":20}},"2":{"start":{"line":35,"column":8},"end":{"line":35,"column":23}},"3":{"start":{"line":55,"column":8},"end":{"line":55,"column":80}},"4":{"start":{"line":57,"column":8},"end":{"line":57,"column":60}},"5":{"start":{"line":58,"column":8},"end":{"line":58,"column":85}},"6":{"start":{"line":80,"column":8},"end":{"line":80,"column":75}},"7":{"start":{"line":94,"column":8},"end":{"line":94,"column":67}},"8":{"start":{"line":113,"column":8},"end":{"line":113,"column":102}},"9":{"start":{"line":128,"column":8},"end":{"line":128,"column":88}},"10":{"start":{"line":129,"column":8},"end":{"line":129,"column":67}},"11":{"start":{"line":131,"column":8},"end":{"line":131,"column":81}},"12":{"start":{"line":132,"column":8},"end":{"line":132,"column":67}},"13":{"start":{"line":142,"column":8},"end":{"line":142,"column":88}},"14":{"start":{"line":156,"column":8},"end":{"line":156,"column":74}},"15":{"start":{"line":158,"column":8},"end":{"line":158,"column":73}},"16":{"start":{"line":159,"column":8},"end":{"line":159,"column":67}},"17":{"start":{"line":169,"column":8},"end":{"line":169,"column":92}},"18":{"start":{"line":183,"column":8},"end":{"line":183,"column":76}},"19":{"start":{"line":185,"column":8},"end":{"line":185,"column":75}},"20":{"start":{"line":186,"column":8},"end":{"line":186,"column":67}},"21":{"start":{"line":194,"column":8},"end":{"line":194,"column":7129}},"22":{"start":{"line":195,"column":12},"end":{"line":195,"column":29}},"23":{"start":{"line":198,"column":12},"end":{"line":198,"column":7274}},"24":{"start":{"line":206,"column":16},"end":{"line":206,"column":35}}},"branchMap":{"1":{"line":55,"type":"if","locations":[{"start":{"line":55,"column":8},"end":{"line":55,"column":8}},{"start":{"line":55,"column":8},"end":{"line":55,"column":8}}]},"2":{"line":58,"type":"if","locations":[{"start":{"line":58,"column":8},"end":{"line":58,"column":8}},{"start":{"line":58,"column":8},"end":{"line":58,"column":8}}]},"3":{"line":128,"type":"if","locations":[{"start":{"line":128,"column":8},"end":{"line":128,"column":8}},{"start":{"line":128,"column":8},"end":{"line":128,"column":8}}]},"4":{"line":129,"type":"if","locations":[{"start":{"line":129,"column":8},"end":{"line":129,"column":8}},{"start":{"line":129,"column":8},"end":{"line":129,"column":8}}]},"5":{"line":156,"type":"if","locations":[{"start":{"line":156,"column":8},"end":{"line":156,"column":8}},{"start":{"line":156,"column":8},"end":{"line":156,"column":8}}]},"6":{"line":183,"type":"if","locations":[{"start":{"line":183,"column":8},"end":{"line":183,"column":8}},{"start":{"line":183,"column":8},"end":{"line":183,"column":8}}]},"7":{"line":194,"type":"if","locations":[{"start":{"line":194,"column":8},"end":{"line":194,"column":8}},{"start":{"line":194,"column":8},"end":{"line":194,"column":8}}]},"8":{"line":198,"type":"if","locations":[{"start":{"line":198,"column":12},"end":{"line":198,"column":12}},{"start":{"line":198,"column":12},"end":{"line":198,"column":12}}]}}},
"contracts/utils/Context.sol":{"l":{"17":35,"21":0},"path":"/home/prashant/projects/z-token-smartcontract/contracts/utils/Context.sol","s":{"1":35,"2":0},"b":{},"f":{"1":35,"2":0},"fnMap":{"1":{"name":"_msgSender","line":16,"loc":{"start":{"line":16,"column":4},"end":{"line":18,"column":4}}},"2":{"name":"_msgData","line":20,"loc":{"start":{"line":20,"column":4},"end":{"line":22,"column":4}}}},"statementMap":{"1":{"start":{"line":17,"column":8},"end":{"line":17,"column":25}},"2":{"start":{"line":21,"column":8},"end":{"line":21,"column":23}}},"branchMap":{}},
"contracts/utils/math/SafeMath.sol":{"l":{"22":0,"35":0,"47":0,"64":0,"76":0,"93":24,"107":41,"121":98,"135":196,"151":0,"172":0,"195":0,"221":0},"path":"/home/prashant/projects/z-token-smartcontract/contracts/utils/math/SafeMath.sol","s":{"1":24,"2":41,"3":98,"4":196,"5":0},"b":{},"f":{"1":0,"2":0,"3":0,"4":0,"5":0,"6":24,"7":41,"8":98,"9":196,"10":0,"11":0,"12":0,"13":0},"fnMap":{"1":{"name":"tryAdd","line":21,"loc":{"start":{"line":21,"column":4},"end":{"line":27,"column":4}}},"2":{"name":"trySub","line":34,"loc":{"start":{"line":34,"column":4},"end":{"line":39,"column":4}}},"3":{"name":"tryMul","line":46,"loc":{"start":{"line":46,"column":4},"end":{"line":56,"column":4}}},"4":{"name":"tryDiv","line":63,"loc":{"start":{"line":63,"column":4},"end":{"line":68,"column":4}}},"5":{"name":"tryMod","line":75,"loc":{"start":{"line":75,"column":4},"end":{"line":80,"column":4}}},"6":{"name":"add","line":92,"loc":{"start":{"line":92,"column":4},"end":{"line":94,"column":4}}},"7":{"name":"sub","line":106,"loc":{"start":{"line":106,"column":4},"end":{"line":108,"column":4}}},"8":{"name":"mul","line":120,"loc":{"start":{"line":120,"column":4},"end":{"line":122,"column":4}}},"9":{"name":"div","line":134,"loc":{"start":{"line":134,"column":4},"end":{"line":136,"column":4}}},"10":{"name":"mod","line":150,"loc":{"start":{"line":150,"column":4},"end":{"line":152,"column":4}}},"11":{"name":"sub","line":167,"loc":{"start":{"line":167,"column":4},"end":{"line":176,"column":4}}},"12":{"name":"div","line":190,"loc":{"start":{"line":190,"column":4},"end":{"line":199,"column":4}}},"13":{"name":"mod","line":216,"loc":{"start":{"line":216,"column":4},"end":{"line":225,"column":4}}}},"statementMap":{"1":{"start":{"line":93,"column":8},"end":{"line":93,"column":20}},"2":{"start":{"line":107,"column":8},"end":{"line":107,"column":20}},"3":{"start":{"line":121,"column":8},"end":{"line":121,"column":20}},"4":{"start":{"line":135,"column":8},"end":{"line":135,"column":20}},"5":{"start":{"line":151,"column":8},"end":{"line":151,"column":20}}},"branchMap":{}}}
