TN:
SF:/home/prashant/projects/z-token-smartcontract/contracts/access/Ownable.sol
FN:27,constructor
FN:34,owner
FN:41,onlyOwner
FN:53,renounceOwnership
FN:61,transferOwnership
FN:66,_setOwner
FNF:6
FNH:6
FNDA:3,constructor
FNDA:65,owner
FNDA:12,onlyOwner
FNDA:1,renounceOwnership
FNDA:1,transferOwnership
FNDA:5,_setOwner
DA:28,3
DA:35,65
DA:42,12
DA:43,8
DA:54,1
DA:62,1
DA:63,1
DA:67,5
DA:68,5
DA:69,5
LF:10
LH:10
BRDA:42,1,0,8
BRDA:42,1,1,4
BRDA:62,2,0,1
BRDA:62,2,1,0
BRF:4
BRH:3
end_of_record
TN:
SF:/home/prashant/projects/z-token-smartcontract/contracts/MyToken.sol
FN:99,constructor
FN:111,onlyNonZeroAddress
FN:116,onlyTokenContract
FN:124,isContractAddress
FN:129,onlyPhoenix
FN:148,transferToken
FN:170,tokenFallback
FN:179,decimals
FN:189,transfer
FN:206,transferFrom
FN:233,privateTransfer
FN:252,updatePhoenixAddress
FN:265,calculateCommissionMint
FN:278,calculateCommissionMyTokenCrw
FN:291,calculateCommissionPhoenixCrw
FN:307,updateCommssionPhoenixTransfer
FN:322,updateCommssionMyTokenTranfer
FN:335,updateCommssionMint
FN:356,transferAnyERC20Token
FN:398,constructor
FN:405,getChainID
FN:423,preAuthValidations
FN:447,getSigner
FN:470,preAuthorizedTransfer
FN:511,preAuthorizedApproval
FN:550,getProofTransfer
FN:583,getProofApproval
FNF:27
FNH:27
FNDA:3,constructor
FNDA:31,onlyNonZeroAddress
FNDA:18,onlyTokenContract
FNDA:3,isContractAddress
FNDA:12,onlyPhoenix
FNDA:2,transferToken
FNDA:18,tokenFallback
FNDA:1,decimals
FNDA:16,transfer
FNDA:6,transferFrom
FNDA:20,privateTransfer
FNDA:2,updatePhoenixAddress
FNDA:20,calculateCommissionMint
FNDA:39,calculateCommissionMyTokenCrw
FNDA:39,calculateCommissionPhoenixCrw
FNDA:2,updateCommssionPhoenixTransfer
FNDA:2,updateCommssionMyTokenTranfer
FNDA:2,updateCommssionMint
FNDA:2,transferAnyERC20Token
FNDA:3,constructor
FNDA:8,getChainID
FNDA:4,preAuthValidations
FNDA:8,getSigner
FNDA:1,preAuthorizedTransfer
FNDA:3,preAuthorizedApproval
FNDA:2,getProofTransfer
FNDA:6,getProofApproval
DA:101,3
DA:102,3
DA:103,3
DA:104,3
DA:112,31
DA:113,31
DA:117,18
DA:121,18
DA:125,3
DA:126,3
DA:130,12
DA:131,6
DA:150,2
DA:154,2
DA:155,2
DA:156,2
DA:171,18
DA:172,18
DA:173,18
DA:180,1
DA:195,16
DA:196,16
DA:211,6
DA:212,6
DA:216,2
DA:217,2
DA:218,2
DA:234,20
DA:235,20
DA:237,20
DA:238,20
DA:239,20
DA:240,20
DA:241,20
DA:255,2
DA:256,2
DA:270,20
DA:283,39
DA:296,39
DA:309,2
DA:310,2
DA:311,2
DA:324,2
DA:325,2
DA:326,2
DA:336,2
DA:337,2
DA:338,2
DA:346,2
DA:358,2
DA:362,0
DA:406,8
DA:407,8
DA:410,8
DA:431,4
DA:432,4
DA:433,4
DA:434,4
DA:435,4
DA:436,4
DA:453,8
DA:454,8
DA:455,8
DA:456,8
DA:480,1
DA:488,1
DA:491,1
DA:492,1
DA:494,1
DA:495,1
DA:522,3
DA:530,3
DA:531,3
DA:533,3
DA:535,1
DA:537,1
DA:538,3
DA:558,2
DA:559,2
DA:571,2
DA:591,6
DA:597,6
DA:609,6
LF:83
LH:82
BRDA:112,1,0,31
BRDA:112,1,1,0
BRDA:117,2,0,18
BRDA:117,2,1,0
BRDA:125,3,0,3
BRDA:125,3,1,0
BRDA:130,4,0,6
BRDA:130,4,1,6
BRDA:150,5,0,2
BRDA:150,5,1,0
BRDA:172,6,0,18
BRDA:172,6,1,0
BRDA:212,7,0,2
BRDA:212,7,1,4
BRDA:237,8,0,19
BRDA:237,8,1,1
BRDA:238,9,0,19
BRDA:238,9,1,1
BRDA:358,10,0,0
BRDA:358,10,1,2
BRDA:432,11,0,4
BRDA:432,11,1,0
BRDA:433,12,0,4
BRDA:433,12,1,0
BRDA:434,13,0,4
BRDA:434,13,1,0
BRDA:491,14,0,1
BRDA:491,14,1,0
BRDA:533,15,0,1
BRDA:533,15,1,2
BRDA:534,16,0,1
BRDA:534,16,1,1
BRDA:536,17,0,1
BRDA:536,17,1,0
BRDA:558,18,0,2
BRDA:558,18,1,0
BRDA:591,19,0,6
BRDA:591,19,1,0
BRF:38
BRH:25
end_of_record
TN:
SF:/home/prashant/projects/z-token-smartcontract/contracts/test.sol
FN:99,constructor
FN:111,onlyNonZeroAddress
FN:116,onlyTokenContract
FN:124,isContractAddress
FN:129,onlyPhoenix
FN:148,transferToken
FN:170,tokenFallback
FN:179,decimals
FN:189,transfer
FN:206,transferFrom
FN:233,privateTransfer
FN:252,updatePhoenixAddress
FN:265,calculateCommissionMint
FN:278,calculateCommissionMyTokenCrw
FN:291,calculateCommissionPhoenixCrw
FN:307,updateCommssionPhoenixTransfer
FN:322,updateCommssionMyTokenTranfer
FN:335,updateCommssionMint
FN:356,transferAnyERC20Token
FN:398,constructor
FN:405,getChainID
FN:423,preAuthValidations
FN:447,getSigner
FN:470,preAuthorizedTransfer
FN:511,preAuthorizedApproval
FN:550,getProofTransfer
FN:583,getProofApproval
FNF:27
FNH:0
FNDA:0,constructor
FNDA:0,onlyNonZeroAddress
FNDA:0,onlyTokenContract
FNDA:0,isContractAddress
FNDA:0,onlyPhoenix
FNDA:0,transferToken
FNDA:0,tokenFallback
FNDA:0,decimals
FNDA:0,transfer
FNDA:0,transferFrom
FNDA:0,privateTransfer
FNDA:0,updatePhoenixAddress
FNDA:0,calculateCommissionMint
FNDA:0,calculateCommissionMyTokenCrw
FNDA:0,calculateCommissionPhoenixCrw
FNDA:0,updateCommssionPhoenixTransfer
FNDA:0,updateCommssionMyTokenTranfer
FNDA:0,updateCommssionMint
FNDA:0,transferAnyERC20Token
FNDA:0,constructor
FNDA:0,getChainID
FNDA:0,preAuthValidations
FNDA:0,getSigner
FNDA:0,preAuthorizedTransfer
FNDA:0,preAuthorizedApproval
FNDA:0,getProofTransfer
FNDA:0,getProofApproval
DA:101,0
DA:102,0
DA:103,0
DA:104,0
DA:112,0
DA:113,0
DA:117,0
DA:121,0
DA:125,0
DA:126,0
DA:130,0
DA:131,0
DA:150,0
DA:154,0
DA:155,0
DA:156,0
DA:171,0
DA:172,0
DA:173,0
DA:180,0
DA:195,0
DA:196,0
DA:211,0
DA:212,0
DA:216,0
DA:217,0
DA:218,0
DA:234,0
DA:235,0
DA:237,0
DA:238,0
DA:239,0
DA:240,0
DA:241,0
DA:255,0
DA:256,0
DA:270,0
DA:283,0
DA:296,0
DA:309,0
DA:310,0
DA:311,0
DA:324,0
DA:325,0
DA:326,0
DA:336,0
DA:337,0
DA:338,0
DA:346,0
DA:358,0
DA:362,0
DA:406,0
DA:407,0
DA:410,0
DA:431,0
DA:432,0
DA:433,0
DA:434,0
DA:435,0
DA:436,0
DA:453,0
DA:454,0
DA:455,0
DA:456,0
DA:480,0
DA:488,0
DA:491,0
DA:492,0
DA:494,0
DA:495,0
DA:522,0
DA:530,0
DA:531,0
DA:533,0
DA:535,0
DA:537,0
DA:538,0
DA:558,0
DA:559,0
DA:571,0
DA:591,0
DA:597,0
DA:609,0
LF:83
LH:0
BRDA:112,1,0,0
BRDA:112,1,1,0
BRDA:117,2,0,0
BRDA:117,2,1,0
BRDA:125,3,0,0
BRDA:125,3,1,0
BRDA:130,4,0,0
BRDA:130,4,1,0
BRDA:150,5,0,0
BRDA:150,5,1,0
BRDA:172,6,0,0
BRDA:172,6,1,0
BRDA:212,7,0,0
BRDA:212,7,1,0
BRDA:237,8,0,0
BRDA:237,8,1,0
BRDA:238,9,0,0
BRDA:238,9,1,0
BRDA:358,10,0,0
BRDA:358,10,1,0
BRDA:432,11,0,0
BRDA:432,11,1,0
BRDA:433,12,0,0
BRDA:433,12,1,0
BRDA:434,13,0,0
BRDA:434,13,1,0
BRDA:491,14,0,0
BRDA:491,14,1,0
BRDA:533,15,0,0
BRDA:533,15,1,0
BRDA:534,16,0,0
BRDA:534,16,1,0
BRDA:536,17,0,0
BRDA:536,17,1,0
BRDA:558,18,0,0
BRDA:558,18,1,0
BRDA:591,19,0,0
BRDA:591,19,1,0
BRF:38
BRH:0
end_of_record
TN:
SF:/home/prashant/projects/z-token-smartcontract/contracts/token/ERC20/ERC20.sol
FN:52,constructor
FN:60,name
FN:68,symbol
FN:85,decimals
FN:92,totalSupply
FN:99,balanceOf
FN:111,transfer
FN:119,allowance
FN:130,approve
FN:148,transferFrom
FN:176,increaseAllowance
FN:195,decreaseAllowance
FN:219,_transfer
FN:250,_mint
FN:273,_burn
FN:303,_approve
FN:329,_beforeTokenTransfer
FN:349,_afterTokenTransfer
FNF:18
FNH:15
FNDA:3,constructor
FNDA:1,name
FNDA:1,symbol
FNDA:0,decimals
FNDA:3,totalSupply
FNDA:83,balanceOf
FNDA:0,transfer
FNDA:26,allowance
FNDA:5,approve
FNDA:0,transferFrom
FNDA:1,increaseAllowance
FNDA:2,decreaseAllowance
FNDA:58,_transfer
FNDA:36,_mint
FNDA:2,_burn
FNDA:13,_approve
FNDA:96,_beforeTokenTransfer
FNDA:96,_afterTokenTransfer
DA:53,3
DA:54,3
DA:61,1
DA:69,1
DA:86,0
DA:93,3
DA:100,83
DA:112,0
DA:113,0
DA:120,26
DA:131,5
DA:132,5
DA:153,0
DA:155,0
DA:156,0
DA:157,0
DA:161,0
DA:177,1
DA:178,1
DA:196,2
DA:197,2
DA:198,2
DA:202,2
DA:224,58
DA:225,58
DA:227,58
DA:229,58
DA:230,58
DA:231,58
DA:234,58
DA:236,58
DA:238,58
DA:251,36
DA:253,36
DA:255,36
DA:256,36
DA:257,36
DA:259,36
DA:274,2
DA:276,2
DA:278,2
DA:279,2
DA:280,2
DA:283,2
DA:285,2
DA:287,2
DA:308,13
DA:309,13
DA:311,13
DA:312,13
LF:50
LH:42
BRDA:156,1,0,0
BRDA:156,1,1,0
BRDA:197,2,0,2
BRDA:197,2,1,0
BRDA:224,3,0,58
BRDA:224,3,1,0
BRDA:225,4,0,58
BRDA:225,4,1,0
BRDA:230,5,0,58
BRDA:230,5,1,0
BRDA:251,6,0,36
BRDA:251,6,1,0
BRDA:274,7,0,2
BRDA:274,7,1,0
BRDA:279,8,0,2
BRDA:279,8,1,0
BRDA:308,9,0,13
BRDA:308,9,1,0
BRDA:309,10,0,13
BRDA:309,10,1,0
BRF:20
BRH:9
end_of_record
TN:
SF:/home/prashant/projects/z-token-smartcontract/contracts/token/ERC20/extensions/IERC20Metadata.sol
FNF:0
FNH:0
LF:0
LH:0
BRF:0
BRH:0
end_of_record
TN:
SF:/home/prashant/projects/z-token-smartcontract/contracts/token/ERC20/IERC20.sol
FNF:0
FNH:0
LF:0
LH:0
BRF:0
BRH:0
end_of_record
TN:
SF:/home/prashant/projects/z-token-smartcontract/contracts/utils/Address.sol
FN:26,isContract
FN:54,sendValue
FN:79,functionCall
FN:89,functionCall
FN:108,functionCallWithValue
FN:122,functionCallWithValue
FN:141,functionStaticCall
FN:151,functionStaticCall
FN:168,functionDelegateCall
FN:178,functionDelegateCall
FN:189,_verifyCallResult
FNF:11
FNH:1
FNDA:3,isContract
FNDA:0,sendValue
FNDA:0,functionCall
FNDA:0,functionCall
FNDA:0,functionCallWithValue
FNDA:0,functionCallWithValue
FNDA:0,functionStaticCall
FNDA:0,functionStaticCall
FNDA:0,functionDelegateCall
FNDA:0,functionDelegateCall
FNDA:0,_verifyCallResult
DA:31,3
DA:32,3
DA:35,3
DA:55,0
DA:57,0
DA:58,0
DA:80,0
DA:94,0
DA:113,0
DA:128,0
DA:129,0
DA:131,0
DA:132,0
DA:142,0
DA:156,0
DA:158,0
DA:159,0
DA:169,0
DA:183,0
DA:185,0
DA:186,0
DA:194,0
DA:195,0
DA:198,0
DA:201,0
DA:206,0
LF:26
LH:3
BRDA:55,1,0,0
BRDA:55,1,1,0
BRDA:58,2,0,0
BRDA:58,2,1,0
BRDA:128,3,0,0
BRDA:128,3,1,0
BRDA:129,4,0,0
BRDA:129,4,1,0
BRDA:156,5,0,0
BRDA:156,5,1,0
BRDA:183,6,0,0
BRDA:183,6,1,0
BRDA:194,7,0,0
BRDA:194,7,1,0
BRDA:198,8,0,0
BRDA:198,8,1,0
BRF:16
BRH:0
end_of_record
TN:
SF:/home/prashant/projects/z-token-smartcontract/contracts/utils/Context.sol
FN:16,_msgSender
FN:20,_msgData
FNF:2
FNH:1
FNDA:34,_msgSender
FNDA:0,_msgData
DA:17,34
DA:21,0
LF:2
LH:1
BRF:0
BRH:0
end_of_record
