TN:
SF:/home/prashant/projects/z-token-smartcontract/contracts/access/Ownable.sol
FN:27,constructor
FN:34,owner
FN:41,onlyOwner
FN:53,renounceOwnership
FN:61,transferOwnership
FN:66,_setOwner
FNF:6
FNH:6
FNDA:3,constructor
FNDA:66,owner
FNDA:13,onlyOwner
FNDA:1,renounceOwnership
FNDA:1,transferOwnership
FNDA:5,_setOwner
DA:28,3
DA:35,66
DA:42,13
DA:43,9
DA:54,1
DA:62,1
DA:63,1
DA:67,5
DA:68,5
DA:69,5
LF:10
LH:10
BRDA:42,1,0,9
BRDA:42,1,1,4
BRDA:62,2,0,1
BRDA:62,2,1,0
BRF:4
BRH:3
end_of_record
TN:
SF:/home/prashant/projects/z-token-smartcontract/contracts/MyToken.sol
FN:101,constructor
FN:113,onlyNonZeroAddress
FN:118,onlyTokenContract
FN:126,isContractAddress
FN:131,onlyPhoenix
FN:150,transferToken
FN:172,tokenFallback
FN:181,decimals
FN:191,transfer
FN:208,transferFrom
FN:235,privateTransfer
FN:254,updatePhoenixAddress
FN:267,calculateCommissionMint
FN:284,calculateCommissionMyTokenCrw
FN:301,calculateCommissionPhoenixCrw
FN:321,updateCommssionPhoenixTransfer
FN:336,updateCommssionMyTokenTranfer
FN:349,updateCommssionMint
FN:370,transferAnyERC20Token
FN:413,constructor
FN:420,getChainID
FN:438,preAuthValidations
FN:462,getSigner
FN:485,preAuthorizedTransfer
FN:526,preAuthorizedApproval
FN:565,getProofTransfer
FN:598,getProofApproval
FNF:27
FNH:27
FNDA:3,constructor
FNDA:32,onlyNonZeroAddress
FNDA:18,onlyTokenContract
FNDA:3,isContractAddress
FNDA:12,onlyPhoenix
FNDA:3,transferToken
FNDA:18,tokenFallback
FNDA:1,decimals
FNDA:16,transfer
FNDA:6,transferFrom
FNDA:20,privateTransfer
FNDA:2,updatePhoenixAddress
FNDA:20,calculateCommissionMint
FNDA:39,calculateCommissionMyTokenCrw
FNDA:39,calculateCommissionPhoenixCrw
FNDA:2,updateCommssionPhoenixTransfer
FNDA:2,updateCommssionMyTokenTranfer
FNDA:2,updateCommssionMint
FNDA:2,transferAnyERC20Token
FNDA:3,constructor
FNDA:8,getChainID
FNDA:4,preAuthValidations
FNDA:8,getSigner
FNDA:1,preAuthorizedTransfer
FNDA:3,preAuthorizedApproval
FNDA:2,getProofTransfer
FNDA:6,getProofApproval
DA:103,3
DA:104,3
DA:105,3
DA:106,3
DA:114,32
DA:115,32
DA:119,18
DA:123,18
DA:127,3
DA:128,3
DA:132,12
DA:133,6
DA:152,3
DA:156,3
DA:157,3
DA:158,3
DA:173,18
DA:174,18
DA:175,18
DA:182,1
DA:197,16
DA:198,16
DA:213,6
DA:214,6
DA:218,2
DA:219,2
DA:220,2
DA:236,20
DA:237,20
DA:239,20
DA:240,20
DA:241,20
DA:242,20
DA:243,20
DA:257,2
DA:258,2
DA:272,20
DA:289,39
DA:306,39
DA:323,2
DA:324,2
DA:325,2
DA:338,2
DA:339,2
DA:340,2
DA:350,2
DA:351,2
DA:352,2
DA:360,2
DA:372,2
DA:376,0
DA:421,8
DA:422,8
DA:425,8
DA:446,4
DA:447,4
DA:448,4
DA:449,4
DA:450,4
DA:451,4
DA:468,8
DA:469,8
DA:470,8
DA:471,8
DA:495,1
DA:503,1
DA:506,1
DA:507,1
DA:509,1
DA:510,1
DA:537,3
DA:545,3
DA:546,3
DA:548,3
DA:550,1
DA:552,1
DA:553,3
DA:573,2
DA:574,2
DA:586,2
DA:606,6
DA:612,6
DA:624,6
LF:83
LH:82
BRDA:114,1,0,32
BRDA:114,1,1,0
BRDA:119,2,0,18
BRDA:119,2,1,0
BRDA:127,3,0,3
BRDA:127,3,1,0
BRDA:132,4,0,6
BRDA:132,4,1,6
BRDA:152,5,0,3
BRDA:152,5,1,0
BRDA:174,6,0,18
BRDA:174,6,1,0
BRDA:214,7,0,2
BRDA:214,7,1,4
BRDA:239,8,0,19
BRDA:239,8,1,1
BRDA:240,9,0,19
BRDA:240,9,1,1
BRDA:372,10,0,0
BRDA:372,10,1,2
BRDA:447,11,0,4
BRDA:447,11,1,0
BRDA:448,12,0,4
BRDA:448,12,1,0
BRDA:449,13,0,4
BRDA:449,13,1,0
BRDA:506,14,0,1
BRDA:506,14,1,0
BRDA:548,15,0,1
BRDA:548,15,1,2
BRDA:549,16,0,1
BRDA:549,16,1,1
BRDA:551,17,0,1
BRDA:551,17,1,0
BRDA:573,18,0,2
BRDA:573,18,1,0
BRDA:606,19,0,6
BRDA:606,19,1,0
BRF:38
BRH:25
end_of_record
TN:
SF:/home/prashant/projects/z-token-smartcontract/contracts/token/ERC20/ERC20.sol
FN:52,constructor
FN:60,name
FN:68,symbol
FN:85,decimals
FN:92,totalSupply
FN:99,balanceOf
FN:111,transfer
FN:119,allowance
FN:130,approve
FN:148,transferFrom
FN:176,increaseAllowance
FN:195,decreaseAllowance
FN:219,_transfer
FN:250,_mint
FN:273,_burn
FN:303,_approve
FN:329,_beforeTokenTransfer
FN:349,_afterTokenTransfer
FNF:18
FNH:15
FNDA:3,constructor
FNDA:1,name
FNDA:1,symbol
FNDA:0,decimals
FNDA:3,totalSupply
FNDA:83,balanceOf
FNDA:0,transfer
FNDA:26,allowance
FNDA:5,approve
FNDA:0,transferFrom
FNDA:1,increaseAllowance
FNDA:2,decreaseAllowance
FNDA:58,_transfer
FNDA:36,_mint
FNDA:3,_burn
FNDA:13,_approve
FNDA:97,_beforeTokenTransfer
FNDA:95,_afterTokenTransfer
DA:53,3
DA:54,3
DA:61,1
DA:69,1
DA:86,0
DA:93,3
DA:100,83
DA:112,0
DA:113,0
DA:120,26
DA:131,5
DA:132,5
DA:153,0
DA:155,0
DA:156,0
DA:157,0
DA:161,0
DA:177,1
DA:178,1
DA:196,2
DA:197,2
DA:198,2
DA:202,2
DA:224,58
DA:225,58
DA:227,58
DA:229,58
DA:230,58
DA:231,58
DA:234,58
DA:236,58
DA:238,58
DA:251,36
DA:253,36
DA:255,36
DA:256,36
DA:257,36
DA:259,36
DA:274,3
DA:276,3
DA:278,3
DA:279,3
DA:280,1
DA:283,1
DA:285,1
DA:287,1
DA:308,13
DA:309,13
DA:311,13
DA:312,13
LF:50
LH:42
BRDA:156,1,0,0
BRDA:156,1,1,0
BRDA:197,2,0,2
BRDA:197,2,1,0
BRDA:224,3,0,58
BRDA:224,3,1,0
BRDA:225,4,0,58
BRDA:225,4,1,0
BRDA:230,5,0,58
BRDA:230,5,1,0
BRDA:251,6,0,36
BRDA:251,6,1,0
BRDA:274,7,0,3
BRDA:274,7,1,0
BRDA:279,8,0,1
BRDA:279,8,1,2
BRDA:308,9,0,13
BRDA:308,9,1,0
BRDA:309,10,0,13
BRDA:309,10,1,0
BRF:20
BRH:10
end_of_record
TN:
SF:/home/prashant/projects/z-token-smartcontract/contracts/token/ERC20/extensions/IERC20Metadata.sol
FNF:0
FNH:0
LF:0
LH:0
BRF:0
BRH:0
end_of_record
TN:
SF:/home/prashant/projects/z-token-smartcontract/contracts/token/ERC20/IERC20.sol
FNF:0
FNH:0
LF:0
LH:0
BRF:0
BRH:0
end_of_record
TN:
SF:/home/prashant/projects/z-token-smartcontract/contracts/utils/Address.sol
FN:26,isContract
FN:54,sendValue
FN:79,functionCall
FN:89,functionCall
FN:108,functionCallWithValue
FN:122,functionCallWithValue
FN:141,functionStaticCall
FN:151,functionStaticCall
FN:168,functionDelegateCall
FN:178,functionDelegateCall
FN:189,_verifyCallResult
FNF:11
FNH:1
FNDA:3,isContract
FNDA:0,sendValue
FNDA:0,functionCall
FNDA:0,functionCall
FNDA:0,functionCallWithValue
FNDA:0,functionCallWithValue
FNDA:0,functionStaticCall
FNDA:0,functionStaticCall
FNDA:0,functionDelegateCall
FNDA:0,functionDelegateCall
FNDA:0,_verifyCallResult
DA:31,3
DA:32,3
DA:35,3
DA:55,0
DA:57,0
DA:58,0
DA:80,0
DA:94,0
DA:113,0
DA:128,0
DA:129,0
DA:131,0
DA:132,0
DA:142,0
DA:156,0
DA:158,0
DA:159,0
DA:169,0
DA:183,0
DA:185,0
DA:186,0
DA:194,0
DA:195,0
DA:198,0
DA:201,0
DA:206,0
LF:26
LH:3
BRDA:55,1,0,0
BRDA:55,1,1,0
BRDA:58,2,0,0
BRDA:58,2,1,0
BRDA:128,3,0,0
BRDA:128,3,1,0
BRDA:129,4,0,0
BRDA:129,4,1,0
BRDA:156,5,0,0
BRDA:156,5,1,0
BRDA:183,6,0,0
BRDA:183,6,1,0
BRDA:194,7,0,0
BRDA:194,7,1,0
BRDA:198,8,0,0
BRDA:198,8,1,0
BRF:16
BRH:0
end_of_record
TN:
SF:/home/prashant/projects/z-token-smartcontract/contracts/utils/Context.sol
FN:16,_msgSender
FN:20,_msgData
FNF:2
FNH:1
FNDA:35,_msgSender
FNDA:0,_msgData
DA:17,35
DA:21,0
LF:2
LH:1
BRF:0
BRH:0
end_of_record
TN:
SF:/home/prashant/projects/z-token-smartcontract/contracts/utils/math/SafeMath.sol
FN:21,tryAdd
FN:34,trySub
FN:46,tryMul
FN:63,tryDiv
FN:75,tryMod
FN:92,add
FN:106,sub
FN:120,mul
FN:134,div
FN:150,mod
FN:167,sub
FN:190,div
FN:216,mod
FNF:13
FNH:4
FNDA:0,tryAdd
FNDA:0,trySub
FNDA:0,tryMul
FNDA:0,tryDiv
FNDA:0,tryMod
FNDA:24,add
FNDA:41,sub
FNDA:98,mul
FNDA:196,div
FNDA:0,mod
FNDA:0,sub
FNDA:0,div
FNDA:0,mod
DA:22,0
DA:35,0
DA:47,0
DA:64,0
DA:76,0
DA:93,24
DA:107,41
DA:121,98
DA:135,196
DA:151,0
DA:172,0
DA:195,0
DA:221,0
LF:13
LH:4
BRF:0
BRH:0
end_of_record
